[2023-05-29T23:29:19.903] [DEBUG] default - create entity
[2023-05-29T23:29:20.108] [DEBUG] default - create entity
[2023-05-29T23:29:20.108] [DEBUG] default - create entity
[2023-05-29T23:29:20.109] [DEBUG] default - create entity
[2023-05-29T23:29:20.110] [DEBUG] default - create entity
[2023-05-29T23:29:20.111] [DEBUG] default - create entity
[2023-05-29T23:29:20.111] [DEBUG] default - create entity
[2023-05-29T23:29:20.111] [DEBUG] default - create entity
[2023-05-29T23:29:20.112] [DEBUG] default - create entity
[2023-05-29T23:29:20.112] [DEBUG] default - create entity
[2023-05-29T23:29:39.907] [DEBUG] default - truncate db
[2023-05-29T23:29:59.933] [DEBUG] default - create entity
[2023-05-29T23:29:59.934] [DEBUG] default - create entity
[2023-05-29T23:29:59.934] [DEBUG] default - create entity
[2023-05-29T23:29:59.934] [DEBUG] default - create entity
[2023-05-29T23:29:59.934] [DEBUG] default - create entity
[2023-05-29T23:29:59.935] [DEBUG] default - create entity
[2023-05-29T23:29:59.935] [DEBUG] default - create entity
[2023-05-29T23:29:59.935] [DEBUG] default - create entity
[2023-05-29T23:29:59.935] [DEBUG] default - create entity
[2023-05-29T23:29:59.935] [DEBUG] default - create entity
[2023-05-29T23:30:19.932] [DEBUG] default - truncate db
[2023-05-29T23:30:39.938] [DEBUG] default - create entity
[2023-05-29T23:30:39.939] [DEBUG] default - create entity
[2023-05-29T23:30:39.939] [DEBUG] default - create entity
[2023-05-29T23:30:39.940] [DEBUG] default - create entity
[2023-05-29T23:30:39.940] [DEBUG] default - create entity
[2023-05-29T23:30:39.940] [DEBUG] default - create entity
[2023-05-29T23:30:39.940] [DEBUG] default - create entity
[2023-05-29T23:30:39.941] [DEBUG] default - create entity
[2023-05-29T23:30:39.941] [DEBUG] default - create entity
[2023-05-29T23:30:39.941] [DEBUG] default - create entity
[2023-05-29T23:30:59.948] [DEBUG] default - truncate db
[2023-05-29T23:31:19.952] [DEBUG] default - create entity
[2023-05-29T23:31:19.952] [DEBUG] default - create entity
[2023-05-29T23:31:19.952] [DEBUG] default - create entity
[2023-05-29T23:31:19.953] [DEBUG] default - create entity
[2023-05-29T23:31:19.953] [DEBUG] default - create entity
[2023-05-29T23:31:19.953] [DEBUG] default - create entity
[2023-05-29T23:31:19.953] [DEBUG] default - create entity
[2023-05-29T23:31:19.954] [DEBUG] default - create entity
[2023-05-29T23:31:19.954] [DEBUG] default - create entity
[2023-05-29T23:31:19.954] [DEBUG] default - create entity
[2023-05-29T23:31:39.960] [DEBUG] default - truncate db
[2023-05-29T23:31:59.970] [DEBUG] default - create entity
[2023-05-29T23:31:59.970] [DEBUG] default - create entity
[2023-05-29T23:31:59.970] [DEBUG] default - create entity
[2023-05-29T23:31:59.971] [DEBUG] default - create entity
[2023-05-29T23:31:59.971] [DEBUG] default - create entity
[2023-05-29T23:31:59.971] [DEBUG] default - create entity
[2023-05-29T23:31:59.971] [DEBUG] default - create entity
[2023-05-29T23:31:59.971] [DEBUG] default - create entity
[2023-05-29T23:31:59.971] [DEBUG] default - create entity
[2023-05-29T23:31:59.972] [DEBUG] default - create entity
[2023-05-29T23:32:19.991] [DEBUG] default - truncate db
[2023-05-29T23:32:39.988] [DEBUG] default - create entity
[2023-05-29T23:32:39.989] [DEBUG] default - create entity
[2023-05-29T23:32:39.989] [DEBUG] default - create entity
[2023-05-29T23:32:39.989] [DEBUG] default - create entity
[2023-05-29T23:32:39.990] [DEBUG] default - create entity
[2023-05-29T23:32:39.990] [DEBUG] default - create entity
[2023-05-29T23:32:39.990] [DEBUG] default - create entity
[2023-05-29T23:32:39.990] [DEBUG] default - create entity
[2023-05-29T23:32:39.991] [DEBUG] default - create entity
[2023-05-29T23:32:39.992] [DEBUG] default - create entity
[2023-05-29T23:32:59.993] [DEBUG] default - truncate db
[2023-05-29T23:33:20.004] [DEBUG] default - create entity
[2023-05-29T23:33:20.004] [DEBUG] default - create entity
[2023-05-29T23:33:20.004] [DEBUG] default - create entity
[2023-05-29T23:33:20.004] [DEBUG] default - create entity
[2023-05-29T23:33:20.004] [DEBUG] default - create entity
[2023-05-29T23:33:20.004] [DEBUG] default - create entity
[2023-05-29T23:33:20.005] [DEBUG] default - create entity
[2023-05-29T23:33:20.005] [DEBUG] default - create entity
[2023-05-29T23:33:20.005] [DEBUG] default - create entity
[2023-05-29T23:33:20.005] [DEBUG] default - create entity
[2023-05-29T23:33:40.018] [DEBUG] default - truncate db
[2023-05-29T23:34:00.027] [DEBUG] default - create entity
[2023-05-29T23:34:00.027] [DEBUG] default - create entity
[2023-05-29T23:34:00.027] [DEBUG] default - create entity
[2023-05-29T23:34:00.027] [DEBUG] default - create entity
[2023-05-29T23:34:00.027] [DEBUG] default - create entity
[2023-05-29T23:34:00.027] [DEBUG] default - create entity
[2023-05-29T23:34:00.027] [DEBUG] default - create entity
[2023-05-29T23:34:00.028] [DEBUG] default - create entity
[2023-05-29T23:34:00.028] [DEBUG] default - create entity
[2023-05-29T23:34:00.028] [DEBUG] default - create entity
[2023-05-29T23:34:20.053] [DEBUG] default - truncate db
[2023-05-29T23:34:40.052] [DEBUG] default - create entity
[2023-05-29T23:34:40.052] [DEBUG] default - create entity
[2023-05-29T23:34:40.052] [DEBUG] default - create entity
[2023-05-29T23:34:40.052] [DEBUG] default - create entity
[2023-05-29T23:34:40.053] [DEBUG] default - create entity
[2023-05-29T23:34:40.053] [DEBUG] default - create entity
[2023-05-29T23:34:40.053] [DEBUG] default - create entity
[2023-05-29T23:34:40.053] [DEBUG] default - create entity
[2023-05-29T23:34:40.053] [DEBUG] default - create entity
[2023-05-29T23:34:40.053] [DEBUG] default - create entity
[2023-05-29T23:35:00.051] [DEBUG] default - truncate db
[2023-05-29T23:35:20.058] [DEBUG] default - create entity
[2023-05-29T23:35:20.058] [DEBUG] default - create entity
[2023-05-29T23:35:20.059] [DEBUG] default - create entity
[2023-05-29T23:35:20.059] [DEBUG] default - create entity
[2023-05-29T23:35:20.059] [DEBUG] default - create entity
[2023-05-29T23:35:20.059] [DEBUG] default - create entity
[2023-05-29T23:35:20.059] [DEBUG] default - create entity
[2023-05-29T23:35:20.060] [DEBUG] default - create entity
[2023-05-29T23:35:20.060] [DEBUG] default - create entity
[2023-05-29T23:35:20.060] [DEBUG] default - create entity
[2023-05-29T23:35:40.057] [DEBUG] default - truncate db
[2023-05-29T23:36:00.071] [DEBUG] default - create entity
[2023-05-29T23:36:00.071] [DEBUG] default - create entity
[2023-05-29T23:36:00.081] [DEBUG] default - create entity
[2023-05-29T23:36:00.082] [DEBUG] default - create entity
[2023-05-29T23:36:00.082] [DEBUG] default - create entity
[2023-05-29T23:36:00.083] [DEBUG] default - create entity
[2023-05-29T23:36:00.083] [DEBUG] default - create entity
[2023-05-29T23:36:00.083] [DEBUG] default - create entity
[2023-05-29T23:36:00.084] [DEBUG] default - create entity
[2023-05-29T23:36:00.084] [DEBUG] default - create entity
[2023-05-29T23:36:07.951] [DEBUG] default - Add
[2023-05-29T23:36:17.678] [DEBUG] default - Add
[2023-05-29T23:36:20.060] [DEBUG] default - truncate db
[2023-05-29T23:36:27.677] [DEBUG] default - Add
[2023-05-29T23:36:37.684] [DEBUG] default - Add
[2023-05-29T23:36:40.066] [DEBUG] default - create entity
[2023-05-29T23:36:40.066] [DEBUG] default - create entity
[2023-05-29T23:36:40.067] [DEBUG] default - create entity
[2023-05-29T23:36:40.067] [DEBUG] default - create entity
[2023-05-29T23:36:40.067] [DEBUG] default - create entity
[2023-05-29T23:36:40.067] [DEBUG] default - create entity
[2023-05-29T23:36:40.067] [DEBUG] default - create entity
[2023-05-29T23:36:40.067] [DEBUG] default - create entity
[2023-05-29T23:36:40.067] [DEBUG] default - create entity
[2023-05-29T23:36:40.067] [DEBUG] default - create entity
[2023-05-29T23:36:47.692] [DEBUG] default - Add
[2023-05-29T23:36:57.698] [DEBUG] default - Add
[2023-05-29T23:37:00.073] [DEBUG] default - truncate db
[2023-05-29T23:37:03.033] [DEBUG] default - restore from central data base
[2023-05-29T23:37:04.365] [DEBUG] default - restore [object Object]
[2023-05-29T23:37:05.330] [DEBUG] default - restore [object Object]
[2023-05-29T23:37:06.258] [DEBUG] default - restore [object Object]
[2023-05-29T23:37:07.327] [DEBUG] default - restore [object Object]
[2023-05-29T23:37:08.100] [DEBUG] default - restore [object Object]
[2023-05-29T23:37:20.088] [DEBUG] default - create entity
[2023-05-29T23:37:20.088] [DEBUG] default - create entity
[2023-05-29T23:37:20.088] [DEBUG] default - create entity
[2023-05-29T23:37:20.088] [DEBUG] default - create entity
[2023-05-29T23:37:20.089] [DEBUG] default - create entity
[2023-05-29T23:38:40.357] [DEBUG] default - restore from central data base
[2023-05-29T23:38:48.699] [DEBUG] default - create entity
[2023-05-29T23:38:48.701] [DEBUG] default - create entity
[2023-05-29T23:38:48.702] [DEBUG] default - create entity
[2023-05-29T23:38:48.704] [DEBUG] default - create entity
[2023-05-29T23:38:48.704] [DEBUG] default - create entity
[2023-05-29T23:38:48.705] [DEBUG] default - create entity
[2023-05-29T23:38:48.705] [DEBUG] default - create entity
[2023-05-29T23:38:48.706] [DEBUG] default - create entity
[2023-05-29T23:38:48.707] [DEBUG] default - create entity
[2023-05-29T23:38:48.707] [DEBUG] default - create entity
[2023-05-29T23:39:08.699] [DEBUG] default - truncate db
[2023-05-29T23:39:24.093] [DEBUG] default - Add
[2023-05-29T23:39:28.722] [DEBUG] default - create entity
[2023-05-29T23:39:28.722] [DEBUG] default - create entity
[2023-05-29T23:39:28.723] [DEBUG] default - create entity
[2023-05-29T23:39:28.723] [DEBUG] default - create entity
[2023-05-29T23:39:28.723] [DEBUG] default - create entity
[2023-05-29T23:39:28.724] [DEBUG] default - create entity
[2023-05-29T23:39:28.724] [DEBUG] default - create entity
[2023-05-29T23:39:28.724] [DEBUG] default - create entity
[2023-05-29T23:39:28.724] [DEBUG] default - create entity
[2023-05-29T23:39:28.724] [DEBUG] default - create entity
[2023-05-29T23:39:34.080] [DEBUG] default - Add
[2023-05-29T23:39:44.091] [DEBUG] default - Add
[2023-05-29T23:39:48.727] [DEBUG] default - truncate db
[2023-05-29T23:39:53.887] [DEBUG] default - restore from central data base
[2023-05-29T23:39:54.095] [DEBUG] default - Add
[2023-05-29T23:39:55.165] [DEBUG] default - restore [object Object]
[2023-05-29T23:39:56.188] [DEBUG] default - restore [object Object]
[2023-05-29T23:39:56.852] [DEBUG] default - restore [object Object]
[2023-05-29T23:39:57.715] [DEBUG] default - restore [object Object]
[2023-05-29T23:39:58.665] [DEBUG] default - restore [object Object]
[2023-05-29T23:40:04.108] [DEBUG] default - Add
[2023-05-29T23:40:08.739] [DEBUG] default - create entity
[2023-05-29T23:40:08.739] [DEBUG] default - create entity
[2023-05-29T23:40:08.739] [DEBUG] default - create entity
[2023-05-29T23:40:08.739] [DEBUG] default - create entity
[2023-05-29T23:40:08.739] [DEBUG] default - create entity
[2023-05-29T23:40:14.118] [DEBUG] default - Add
[2023-05-30T11:55:11.723] [DEBUG] default - Add
[2023-05-30T11:55:12.745] [DEBUG] default - create entity
[2023-05-30T11:55:12.749] [DEBUG] default - create entity
[2023-05-30T11:55:12.749] [DEBUG] default - create entity
[2023-05-30T11:55:12.750] [DEBUG] default - create entity
[2023-05-30T11:55:12.751] [DEBUG] default - create entity
[2023-05-30T11:55:12.752] [DEBUG] default - create entity
[2023-05-30T11:55:12.753] [DEBUG] default - create entity
[2023-05-30T11:55:12.754] [DEBUG] default - create entity
[2023-05-30T11:55:12.755] [DEBUG] default - create entity
[2023-05-30T11:55:12.755] [DEBUG] default - create entity
[2023-05-30T11:55:22.399] [DEBUG] default - Add
[2023-05-30T11:55:31.622] [DEBUG] default - Add
[2023-05-30T11:55:32.750] [DEBUG] default - truncate db
[2023-05-30T11:55:44.986] [DEBUG] default - Add
[2023-05-30T11:55:52.756] [DEBUG] default - create entity
[2023-05-30T11:55:52.756] [DEBUG] default - create entity
[2023-05-30T11:55:52.757] [DEBUG] default - create entity
[2023-05-30T11:55:52.757] [DEBUG] default - create entity
[2023-05-30T11:55:52.758] [DEBUG] default - create entity
[2023-05-30T11:55:52.758] [DEBUG] default - create entity
[2023-05-30T11:55:52.759] [DEBUG] default - create entity
[2023-05-30T11:55:52.759] [DEBUG] default - create entity
[2023-05-30T11:55:52.760] [DEBUG] default - create entity
[2023-05-30T11:55:52.764] [DEBUG] default - create entity
[2023-05-30T11:56:01.781] [DEBUG] default - Add
[2023-05-30T11:56:02.630] [DEBUG] default - Add
[2023-05-30T11:56:11.662] [DEBUG] default - Add
[2023-05-30T11:56:12.765] [DEBUG] default - truncate db
[2023-05-30T11:56:21.950] [DEBUG] default - Add
[2023-05-30T11:56:31.654] [DEBUG] default - Add
[2023-05-30T11:56:32.824] [DEBUG] default - create entity
[2023-05-30T11:56:32.824] [DEBUG] default - create entity
[2023-05-30T11:56:32.824] [DEBUG] default - create entity
[2023-05-30T11:56:32.825] [DEBUG] default - create entity
[2023-05-30T11:56:32.825] [DEBUG] default - create entity
[2023-05-30T11:56:32.825] [DEBUG] default - create entity
[2023-05-30T11:56:32.825] [DEBUG] default - create entity
[2023-05-30T11:56:32.825] [DEBUG] default - create entity
[2023-05-30T11:56:32.825] [DEBUG] default - create entity
[2023-05-30T11:56:32.826] [DEBUG] default - create entity
[2023-05-30T11:56:41.650] [DEBUG] default - Add
[2023-05-30T11:56:52.789] [DEBUG] default - truncate db
[2023-05-30T11:56:56.564] [DEBUG] default - Add
[2023-05-30T11:57:06.806] [DEBUG] default - Add
[2023-05-30T11:57:11.672] [DEBUG] default - Add
[2023-05-30T11:57:12.797] [DEBUG] default - create entity
[2023-05-30T11:57:12.798] [DEBUG] default - create entity
[2023-05-30T11:57:12.799] [DEBUG] default - create entity
[2023-05-30T11:57:12.799] [DEBUG] default - create entity
[2023-05-30T11:57:12.799] [DEBUG] default - create entity
[2023-05-30T11:57:12.799] [DEBUG] default - create entity
[2023-05-30T11:57:12.800] [DEBUG] default - create entity
[2023-05-30T11:57:12.800] [DEBUG] default - create entity
[2023-05-30T11:57:12.800] [DEBUG] default - create entity
[2023-05-30T11:57:12.800] [DEBUG] default - create entity
[2023-05-30T11:57:16.157] [DEBUG] default - restore from central data base
[2023-05-30T11:57:16.604] [DEBUG] default - restore [object Object]
[2023-05-30T11:57:16.690] [DEBUG] default - restore [object Object]
[2023-05-30T11:57:16.786] [DEBUG] default - restore [object Object]
[2023-05-30T11:57:16.870] [DEBUG] default - restore [object Object]
[2023-05-30T11:57:17.032] [DEBUG] default - Add
[2023-05-30T11:57:24.524] [DEBUG] default - Add
[2023-05-30T11:57:31.688] [DEBUG] default - Add
[2023-05-30T11:57:32.794] [DEBUG] default - create entity
[2023-05-30T11:57:32.795] [DEBUG] default - create entity
[2023-05-30T11:57:32.795] [DEBUG] default - create entity
[2023-05-30T11:58:22.913] [DEBUG] default - Add
[2023-05-30T11:58:22.919] [DEBUG] default - Add
[2023-05-30T11:58:31.732] [DEBUG] default - Add
[2023-05-30T11:58:38.117] [DEBUG] default - create entity
[2023-05-30T11:58:38.121] [DEBUG] default - create entity
[2023-05-30T11:58:38.122] [DEBUG] default - create entity
[2023-05-30T11:58:38.122] [DEBUG] default - create entity
[2023-05-30T11:58:38.123] [DEBUG] default - create entity
[2023-05-30T11:58:38.123] [DEBUG] default - create entity
[2023-05-30T11:58:38.124] [DEBUG] default - create entity
[2023-05-30T11:58:38.125] [DEBUG] default - create entity
[2023-05-30T11:58:38.125] [DEBUG] default - create entity
[2023-05-30T11:58:38.126] [DEBUG] default - create entity
[2023-05-30T11:58:43.315] [DEBUG] default - Add
[2023-05-30T11:58:57.600] [DEBUG] default - Add
[2023-05-30T11:58:58.116] [DEBUG] default - truncate db
[2023-05-30T12:04:12.812] [DEBUG] default - restore from central data base
[2023-05-30T12:04:24.487] [DEBUG] default - create entity
[2023-05-30T12:04:24.494] [DEBUG] default - create entity
[2023-05-30T12:04:24.495] [DEBUG] default - create entity
[2023-05-30T12:04:24.496] [DEBUG] default - create entity
[2023-05-30T12:04:24.497] [DEBUG] default - create entity
[2023-05-30T12:04:24.498] [DEBUG] default - create entity
[2023-05-30T12:04:24.498] [DEBUG] default - create entity
[2023-05-30T12:04:24.499] [DEBUG] default - create entity
[2023-05-30T12:04:24.500] [DEBUG] default - create entity
[2023-05-30T12:04:24.501] [DEBUG] default - create entity
[2023-05-30T12:04:44.492] [DEBUG] default - truncate db
[2023-05-30T12:04:44.836] [DEBUG] default - Add
[2023-05-30T12:04:54.405] [DEBUG] default - Add
[2023-05-30T12:05:04.402] [DEBUG] default - Add
[2023-05-30T12:05:04.500] [DEBUG] default - create entity
[2023-05-30T12:05:04.500] [DEBUG] default - create entity
[2023-05-30T12:05:04.501] [DEBUG] default - create entity
[2023-05-30T12:05:04.501] [DEBUG] default - create entity
[2023-05-30T12:05:04.502] [DEBUG] default - create entity
[2023-05-30T12:05:04.502] [DEBUG] default - create entity
[2023-05-30T12:05:04.503] [DEBUG] default - create entity
[2023-05-30T12:05:04.503] [DEBUG] default - create entity
[2023-05-30T12:05:04.503] [DEBUG] default - create entity
[2023-05-30T12:05:04.503] [DEBUG] default - create entity
[2023-05-30T12:05:14.350] [DEBUG] default - Add
[2023-05-30T12:05:21.722] [DEBUG] default - restore from central data base
[2023-05-30T12:05:24.381] [DEBUG] default - Add
[2023-05-30T12:05:24.509] [DEBUG] default - create entity
[2023-05-30T12:05:24.509] [DEBUG] default - create entity
[2023-05-30T12:05:24.510] [DEBUG] default - create entity
[2023-05-30T12:05:24.510] [DEBUG] default - create entity
[2023-05-30T12:05:24.510] [DEBUG] default - create entity
[2023-05-30T12:05:24.511] [DEBUG] default - create entity
[2023-05-30T12:05:24.511] [DEBUG] default - create entity
[2023-05-30T12:05:24.512] [DEBUG] default - create entity
[2023-05-30T12:05:24.512] [DEBUG] default - create entity
[2023-05-30T12:05:24.512] [DEBUG] default - create entity
[2023-05-30T12:05:35.331] [DEBUG] default - Add
[2023-05-30T12:05:44.521] [DEBUG] default - truncate db
[2023-05-30T12:05:48.119] [DEBUG] default - Add
[2023-05-30T12:05:54.319] [DEBUG] default - Add
[2023-05-30T12:06:05.594] [DEBUG] default - Add
[2023-05-30T12:06:25.132] [DEBUG] default - create entity
[2023-05-30T12:06:25.135] [DEBUG] default - create entity
[2023-05-30T12:06:25.136] [DEBUG] default - create entity
[2023-05-30T12:06:25.136] [DEBUG] default - create entity
[2023-05-30T12:06:25.137] [DEBUG] default - create entity
[2023-05-30T12:06:25.140] [DEBUG] default - create entity
[2023-05-30T12:06:25.141] [DEBUG] default - create entity
[2023-05-30T12:06:25.142] [DEBUG] default - create entity
[2023-05-30T12:06:25.144] [DEBUG] default - create entity
[2023-05-30T12:06:25.144] [DEBUG] default - create entity
[2023-05-30T12:06:28.514] [DEBUG] default - Add
[2023-05-30T12:06:35.398] [DEBUG] default - Add
[2023-05-30T12:06:45.133] [DEBUG] default - truncate db
[2023-05-30T12:06:45.417] [DEBUG] default - Add
[2023-05-30T12:07:03.145] [DEBUG] default - Add
[2023-05-30T12:07:05.178] [DEBUG] default - create entity
[2023-05-30T12:07:05.179] [DEBUG] default - create entity
[2023-05-30T12:07:05.181] [DEBUG] default - create entity
[2023-05-30T12:07:05.181] [DEBUG] default - create entity
[2023-05-30T12:07:05.182] [DEBUG] default - create entity
[2023-05-30T12:07:05.182] [DEBUG] default - create entity
[2023-05-30T12:07:05.182] [DEBUG] default - create entity
[2023-05-30T12:07:05.182] [DEBUG] default - create entity
[2023-05-30T12:07:05.183] [DEBUG] default - create entity
[2023-05-30T12:07:05.183] [DEBUG] default - create entity
[2023-05-30T12:07:07.012] [DEBUG] default - Add
[2023-05-30T12:07:08.178] [DEBUG] default - restore from central data base
[2023-05-30T12:07:08.179] [DEBUG] default - restore [object Object]
[2023-05-30T12:08:09.569] [DEBUG] default - create entity
[2023-05-30T12:08:09.586] [DEBUG] default - create entity
[2023-05-30T12:08:09.587] [DEBUG] default - create entity
[2023-05-30T12:08:09.589] [DEBUG] default - create entity
[2023-05-30T12:08:09.592] [DEBUG] default - create entity
[2023-05-30T12:08:09.593] [DEBUG] default - create entity
[2023-05-30T12:08:09.594] [DEBUG] default - create entity
[2023-05-30T12:08:09.594] [DEBUG] default - create entity
[2023-05-30T12:08:09.595] [DEBUG] default - create entity
[2023-05-30T12:08:09.597] [DEBUG] default - create entity
[2023-05-30T12:08:29.561] [DEBUG] default - truncate db
[2023-05-30T12:08:48.872] [DEBUG] default - Add
[2023-05-30T12:08:49.566] [DEBUG] default - create entity
[2023-05-30T12:08:49.567] [DEBUG] default - create entity
[2023-05-30T12:08:49.568] [DEBUG] default - create entity
[2023-05-30T12:08:49.568] [DEBUG] default - create entity
[2023-05-30T12:08:49.569] [DEBUG] default - create entity
[2023-05-30T12:08:49.569] [DEBUG] default - create entity
[2023-05-30T12:08:49.570] [DEBUG] default - create entity
[2023-05-30T12:08:49.570] [DEBUG] default - create entity
[2023-05-30T12:08:49.570] [DEBUG] default - create entity
[2023-05-30T12:08:49.571] [DEBUG] default - create entity
[2023-05-30T12:09:02.064] [DEBUG] default - Add
[2023-05-30T12:09:04.269] [DEBUG] default - restore from central data base
[2023-05-30T12:09:04.276] [DEBUG] default - restore [object Object]
[2023-05-30T12:10:05.930] [DEBUG] default - Add
[2023-05-30T12:10:06.870] [DEBUG] default - create entity
[2023-05-30T12:10:06.874] [DEBUG] default - create entity
[2023-05-30T12:10:06.877] [DEBUG] default - create entity
[2023-05-30T12:10:06.879] [DEBUG] default - create entity
[2023-05-30T12:10:06.879] [DEBUG] default - create entity
[2023-05-30T12:10:06.880] [DEBUG] default - create entity
[2023-05-30T12:10:06.880] [DEBUG] default - create entity
[2023-05-30T12:10:06.881] [DEBUG] default - create entity
[2023-05-30T12:10:06.881] [DEBUG] default - create entity
[2023-05-30T12:10:06.882] [DEBUG] default - create entity
[2023-05-30T12:10:16.868] [DEBUG] default - Add
[2023-05-30T12:10:18.415] [DEBUG] default - restore from central data base
[2023-05-30T12:10:18.420] [DEBUG] default - restore [object Object]
[2023-05-30T12:11:16.721] [DEBUG] default - create entity
[2023-05-30T12:11:16.748] [DEBUG] default - create entity
[2023-05-30T12:11:16.750] [DEBUG] default - create entity
[2023-05-30T12:11:16.755] [DEBUG] default - create entity
[2023-05-30T12:11:16.760] [DEBUG] default - create entity
[2023-05-30T12:11:16.761] [DEBUG] default - create entity
[2023-05-30T12:11:16.762] [DEBUG] default - create entity
[2023-05-30T12:11:16.764] [DEBUG] default - create entity
[2023-05-30T12:11:16.765] [DEBUG] default - create entity
[2023-05-30T12:11:16.767] [DEBUG] default - create entity
[2023-05-30T12:11:35.267] [DEBUG] default - Add
[2023-05-30T12:11:36.721] [DEBUG] default - truncate db
[2023-05-30T12:11:39.054] [DEBUG] default - restore from central data base
[2023-05-30T12:11:39.061] [DEBUG] default - restore [object Object]
[2023-05-30T12:11:39.226] [DEBUG] default - restore [object Object]
[2023-05-30T12:13:18.601] [DEBUG] default - Add
[2023-05-30T12:13:23.997] [DEBUG] default - Add
[2023-05-30T12:13:28.873] [DEBUG] default - create entity
[2023-05-30T12:13:28.877] [DEBUG] default - create entity
[2023-05-30T12:13:28.878] [DEBUG] default - create entity
[2023-05-30T12:13:28.881] [DEBUG] default - create entity
[2023-05-30T12:13:28.882] [DEBUG] default - create entity
[2023-05-30T12:13:28.883] [DEBUG] default - create entity
[2023-05-30T12:13:28.885] [DEBUG] default - create entity
[2023-05-30T12:13:28.886] [DEBUG] default - create entity
[2023-05-30T12:13:28.887] [DEBUG] default - create entity
[2023-05-30T12:13:28.888] [DEBUG] default - create entity
[2023-05-30T12:13:31.171] [DEBUG] default - Add
[2023-05-30T12:13:33.590] [DEBUG] default - Add
[2023-05-30T12:13:34.241] [DEBUG] default - restore from central data base
[2023-05-30T12:13:34.247] [DEBUG] default - restore [object Object]
[2023-05-30T12:15:14.308] [DEBUG] default - create entity
[2023-05-30T12:15:14.319] [DEBUG] default - create entity
[2023-05-30T12:15:14.319] [DEBUG] default - create entity
[2023-05-30T12:15:14.320] [DEBUG] default - create entity
[2023-05-30T12:15:14.320] [DEBUG] default - create entity
[2023-05-30T12:15:14.321] [DEBUG] default - create entity
[2023-05-30T12:15:14.321] [DEBUG] default - create entity
[2023-05-30T12:15:14.322] [DEBUG] default - create entity
[2023-05-30T12:15:14.323] [DEBUG] default - create entity
[2023-05-30T12:15:14.323] [DEBUG] default - create entity
[2023-05-30T12:15:27.915] [DEBUG] default - Add
[2023-05-30T12:15:31.943] [DEBUG] default - restore from central data base
[2023-05-30T12:15:32.120] [DEBUG] default - Add
[2023-05-30T12:15:34.314] [DEBUG] default - create entity
[2023-05-30T12:15:34.316] [DEBUG] default - create entity
[2023-05-30T12:15:34.316] [DEBUG] default - create entity
[2023-05-30T12:15:34.317] [DEBUG] default - create entity
[2023-05-30T12:15:34.317] [DEBUG] default - create entity
[2023-05-30T12:15:34.318] [DEBUG] default - create entity
[2023-05-30T12:15:34.318] [DEBUG] default - create entity
[2023-05-30T12:15:34.319] [DEBUG] default - create entity
[2023-05-30T12:15:34.319] [DEBUG] default - create entity
[2023-05-30T12:15:34.319] [DEBUG] default - create entity
[2023-05-30T12:15:37.754] [DEBUG] default - Add
[2023-05-30T12:15:44.876] [DEBUG] default - Add
[2023-05-30T12:15:44.942] [DEBUG] default - restore from central data base
[2023-05-30T12:15:45.083] [DEBUG] default - restore [object Object]
[2023-05-30T12:15:45.169] [DEBUG] default - restore [object Object]
[2023-05-30T12:16:35.292] [DEBUG] default - create entity
[2023-05-30T12:16:35.304] [DEBUG] default - create entity
[2023-05-30T12:16:35.305] [DEBUG] default - create entity
[2023-05-30T12:16:35.305] [DEBUG] default - create entity
[2023-05-30T12:16:35.306] [DEBUG] default - create entity
[2023-05-30T12:16:35.306] [DEBUG] default - create entity
[2023-05-30T12:16:35.307] [DEBUG] default - create entity
[2023-05-30T12:16:35.307] [DEBUG] default - create entity
[2023-05-30T12:16:35.308] [DEBUG] default - create entity
[2023-05-30T12:16:35.309] [DEBUG] default - create entity
[2023-05-30T12:16:55.298] [DEBUG] default - truncate db
[2023-05-30T12:17:15.301] [DEBUG] default - create entity
[2023-05-30T12:17:15.302] [DEBUG] default - create entity
[2023-05-30T12:17:15.303] [DEBUG] default - create entity
[2023-05-30T12:17:15.304] [DEBUG] default - create entity
[2023-05-30T12:17:15.305] [DEBUG] default - create entity
[2023-05-30T12:17:15.305] [DEBUG] default - create entity
[2023-05-30T12:17:15.305] [DEBUG] default - create entity
[2023-05-30T12:17:15.306] [DEBUG] default - create entity
[2023-05-30T12:17:15.306] [DEBUG] default - create entity
[2023-05-30T12:17:15.306] [DEBUG] default - create entity
[2023-05-30T12:17:48.879] [DEBUG] default - restore from central data base
[2023-05-30T12:18:04.379] [DEBUG] default - create entity
[2023-05-30T12:18:04.390] [DEBUG] default - create entity
[2023-05-30T12:18:04.391] [DEBUG] default - create entity
[2023-05-30T12:18:04.392] [DEBUG] default - create entity
[2023-05-30T12:18:04.393] [DEBUG] default - create entity
[2023-05-30T12:18:04.393] [DEBUG] default - create entity
[2023-05-30T12:18:04.394] [DEBUG] default - create entity
[2023-05-30T12:18:04.395] [DEBUG] default - create entity
[2023-05-30T12:18:04.400] [DEBUG] default - create entity
[2023-05-30T12:18:04.400] [DEBUG] default - create entity
[2023-05-30T12:18:08.975] [DEBUG] default - Add
[2023-05-30T12:18:13.174] [DEBUG] default - Add
[2023-05-30T12:18:16.844] [DEBUG] default - Add
[2023-05-30T12:18:21.855] [DEBUG] default - Add
[2023-05-30T12:18:24.380] [DEBUG] default - truncate db
[2023-05-30T12:18:26.435] [DEBUG] default - restore from central data base
[2023-05-30T12:18:26.853] [DEBUG] default - Add
[2023-05-30T12:18:43.274] [DEBUG] default - Add
[2023-05-30T12:18:43.285] [DEBUG] default - Add
[2023-05-30T12:18:43.287] [DEBUG] default - Add
[2023-05-30T12:18:44.386] [DEBUG] default - create entity
[2023-05-30T12:18:44.386] [DEBUG] default - create entity
[2023-05-30T12:18:44.386] [DEBUG] default - create entity
[2023-05-30T12:18:44.387] [DEBUG] default - create entity
[2023-05-30T12:18:44.387] [DEBUG] default - create entity
[2023-05-30T12:18:44.387] [DEBUG] default - create entity
[2023-05-30T12:18:44.388] [DEBUG] default - create entity
[2023-05-30T12:18:44.388] [DEBUG] default - create entity
[2023-05-30T12:18:44.388] [DEBUG] default - create entity
[2023-05-30T12:18:44.389] [DEBUG] default - create entity
[2023-05-30T12:18:47.730] [DEBUG] default - Add
[2023-05-30T12:18:51.897] [DEBUG] default - Add
[2023-05-30T12:18:56.907] [DEBUG] default - Add
[2023-05-30T12:18:58.362] [DEBUG] default - restore from central data base
[2023-05-30T12:18:58.452] [DEBUG] default - restore [object Object]
[2023-05-30T12:18:58.537] [DEBUG] default - restore [object Object]
[2023-05-30T12:18:58.632] [DEBUG] default - restore [object Object]
[2023-05-30T12:18:58.718] [DEBUG] default - restore [object Object]
[2023-05-30T12:19:02.220] [DEBUG] default - Add
[2023-05-30T12:19:04.460] [DEBUG] default - create entity
[2023-05-30T12:19:04.461] [DEBUG] default - create entity
[2023-05-30T12:19:04.461] [DEBUG] default - create entity
[2023-05-30T12:19:04.461] [DEBUG] default - create entity
[2023-05-30T12:20:17.238] [DEBUG] default - Add
[2023-05-30T12:20:17.245] [DEBUG] default - Add
[2023-05-30T12:20:19.030] [DEBUG] default - Add
[2023-05-30T12:20:24.248] [DEBUG] default - Add
[2023-05-30T12:20:24.251] [DEBUG] default - Add
[2023-05-30T12:20:27.049] [DEBUG] default - Add
[2023-05-30T12:20:36.591] [DEBUG] default - create entity
[2023-05-30T12:20:36.599] [DEBUG] default - create entity
[2023-05-30T12:20:36.600] [DEBUG] default - create entity
[2023-05-30T12:20:36.600] [DEBUG] default - create entity
[2023-05-30T12:20:36.601] [DEBUG] default - create entity
[2023-05-30T12:20:36.601] [DEBUG] default - create entity
[2023-05-30T12:20:36.602] [DEBUG] default - create entity
[2023-05-30T12:20:36.605] [DEBUG] default - create entity
[2023-05-30T12:20:36.607] [DEBUG] default - create entity
[2023-05-30T12:20:36.607] [DEBUG] default - create entity
[2023-05-30T12:20:43.199] [DEBUG] default - Add
[2023-05-30T12:20:43.201] [DEBUG] default - Add
[2023-05-30T12:20:43.204] [DEBUG] default - Add
[2023-05-30T12:20:48.191] [DEBUG] default - Add
[2023-05-30T12:20:49.825] [DEBUG] default - restore from central data base
[2023-05-30T12:20:49.983] [DEBUG] default - restore [object Object]
[2023-05-30T12:20:50.069] [DEBUG] default - restore [object Object]
[2023-05-30T12:20:52.092] [DEBUG] default - Add
[2023-05-30T12:20:56.600] [DEBUG] default - create entity
[2023-05-30T12:20:56.600] [DEBUG] default - create entity
[2023-05-30T12:20:56.601] [DEBUG] default - create entity
[2023-05-30T12:20:56.601] [DEBUG] default - create entity
[2023-05-30T12:20:56.604] [DEBUG] default - create entity
[2023-05-30T12:20:56.604] [DEBUG] default - create entity
[2023-05-30T12:20:56.607] [DEBUG] default - create entity
[2023-05-30T12:20:56.608] [DEBUG] default - create entity
[2023-05-30T12:21:29.150] [DEBUG] default - Add
[2023-05-30T12:21:30.144] [DEBUG] default - Add
[2023-05-30T12:21:32.148] [DEBUG] default - Add
[2023-05-30T12:21:32.157] [DEBUG] default - Add
[2023-05-30T12:21:38.084] [DEBUG] default - Add
[2023-05-30T12:21:42.512] [DEBUG] default - Add
[2023-05-30T12:21:49.026] [DEBUG] default - create entity
[2023-05-30T12:21:49.044] [DEBUG] default - create entity
[2023-05-30T12:21:49.046] [DEBUG] default - create entity
[2023-05-30T12:21:49.048] [DEBUG] default - create entity
[2023-05-30T12:21:49.052] [DEBUG] default - create entity
[2023-05-30T12:21:49.053] [DEBUG] default - create entity
[2023-05-30T12:21:49.054] [DEBUG] default - create entity
[2023-05-30T12:21:49.055] [DEBUG] default - create entity
[2023-05-30T12:21:49.058] [DEBUG] default - create entity
[2023-05-30T12:21:49.059] [DEBUG] default - create entity
[2023-05-30T12:21:54.474] [DEBUG] default - Add
[2023-05-30T12:21:54.478] [DEBUG] default - Add
[2023-05-30T12:21:57.184] [DEBUG] default - Add
[2023-05-30T12:22:04.332] [DEBUG] default - restore from central data base
[2023-05-30T12:22:04.570] [DEBUG] default - restore [object Object]
[2023-05-30T12:22:04.678] [DEBUG] default - restore [object Object]
[2023-05-30T12:22:04.696] [DEBUG] default - Add
[2023-05-30T12:22:07.175] [DEBUG] default - Add
[2023-05-30T12:22:09.065] [DEBUG] default - create entity
[2023-05-30T12:22:09.070] [DEBUG] default - create entity
[2023-05-30T12:22:09.080] [DEBUG] default - create entity
[2023-05-30T12:22:09.081] [DEBUG] default - create entity
[2023-05-30T12:22:09.082] [DEBUG] default - create entity
[2023-05-30T12:22:09.083] [DEBUG] default - create entity
[2023-05-30T12:22:09.083] [DEBUG] default - create entity
[2023-05-30T12:22:09.084] [DEBUG] default - create entity
[2023-05-30T12:22:33.390] [DEBUG] default - Add
[2023-05-30T12:22:34.241] [DEBUG] default - Add
[2023-05-30T12:22:37.262] [DEBUG] default - Add
[2023-05-30T12:22:37.263] [DEBUG] default - Add
[2023-05-30T12:22:42.238] [DEBUG] default - Add
[2023-05-30T12:22:52.243] [DEBUG] default - Add
[2023-05-30T12:22:54.263] [DEBUG] default - Add
[2023-05-30T12:22:57.238] [DEBUG] default - Add
[2023-05-30T12:23:07.329] [DEBUG] default - Add
[2023-05-30T12:23:07.331] [DEBUG] default - Add
[2023-05-30T12:23:10.521] [DEBUG] default - create entity
[2023-05-30T12:23:10.538] [DEBUG] default - create entity
[2023-05-30T12:23:10.539] [DEBUG] default - create entity
[2023-05-30T12:23:10.540] [DEBUG] default - create entity
[2023-05-30T12:23:10.542] [DEBUG] default - create entity
[2023-05-30T12:23:10.542] [DEBUG] default - create entity
[2023-05-30T12:23:10.543] [DEBUG] default - create entity
[2023-05-30T12:23:10.544] [DEBUG] default - create entity
[2023-05-30T12:23:10.549] [DEBUG] default - create entity
[2023-05-30T12:23:10.550] [DEBUG] default - create entity
[2023-05-30T12:23:17.518] [DEBUG] default - Add
[2023-05-30T12:23:17.522] [DEBUG] default - Add
[2023-05-30T12:23:23.310] [DEBUG] default - restore from central data base
[2023-05-30T12:23:23.471] [DEBUG] default - restore [object Object]
[2023-05-30T12:23:23.487] [DEBUG] default - Add
[2023-05-30T12:23:23.580] [DEBUG] default - restore [object Object]
[2023-05-30T12:23:23.676] [DEBUG] default - restore [object Object]
[2023-05-30T12:24:45.077] [DEBUG] default - Add
[2023-05-30T12:24:53.961] [DEBUG] default - Add
[2023-05-30T12:24:54.520] [DEBUG] default - Add
[2023-05-30T12:24:54.570] [DEBUG] default - create entity
[2023-05-30T12:24:54.575] [DEBUG] default - create entity
[2023-05-30T12:24:54.576] [DEBUG] default - create entity
[2023-05-30T12:24:54.576] [DEBUG] default - create entity
[2023-05-30T12:24:54.577] [DEBUG] default - create entity
[2023-05-30T12:24:54.577] [DEBUG] default - create entity
[2023-05-30T12:24:54.578] [DEBUG] default - create entity
[2023-05-30T12:24:54.578] [DEBUG] default - create entity
[2023-05-30T12:24:54.579] [DEBUG] default - create entity
[2023-05-30T12:24:54.579] [DEBUG] default - create entity
[2023-05-30T12:25:03.282] [DEBUG] default - Add
[2023-05-30T12:25:04.484] [DEBUG] default - Add
[2023-05-30T12:25:08.047] [DEBUG] default - restore from central data base
[2023-05-30T12:25:08.049] [DEBUG] default - restore [object Object]
[2023-05-30T12:26:45.876] [DEBUG] default - create entity
[2023-05-30T12:26:45.884] [DEBUG] default - create entity
[2023-05-30T12:26:45.885] [DEBUG] default - create entity
[2023-05-30T12:26:45.886] [DEBUG] default - create entity
[2023-05-30T12:26:45.887] [DEBUG] default - create entity
[2023-05-30T12:26:45.890] [DEBUG] default - create entity
[2023-05-30T12:26:45.893] [DEBUG] default - create entity
[2023-05-30T12:26:45.894] [DEBUG] default - create entity
[2023-05-30T12:26:45.895] [DEBUG] default - create entity
[2023-05-30T12:26:45.896] [DEBUG] default - create entity
[2023-05-30T12:27:24.672] [DEBUG] default - Add
[2023-05-30T12:27:36.277] [DEBUG] default - create entity
[2023-05-30T12:27:36.287] [DEBUG] default - create entity
[2023-05-30T12:27:36.287] [DEBUG] default - create entity
[2023-05-30T12:27:36.288] [DEBUG] default - create entity
[2023-05-30T12:27:36.291] [DEBUG] default - create entity
[2023-05-30T12:27:36.293] [DEBUG] default - create entity
[2023-05-30T12:27:36.294] [DEBUG] default - create entity
[2023-05-30T12:27:36.294] [DEBUG] default - create entity
[2023-05-30T12:27:36.296] [DEBUG] default - create entity
[2023-05-30T12:27:36.297] [DEBUG] default - create entity
[2023-05-30T12:27:39.854] [DEBUG] default - Add
[2023-05-30T12:27:39.857] [DEBUG] default - Add
[2023-05-30T12:27:40.562] [DEBUG] default - Add
[2023-05-30T12:28:29.639] [DEBUG] default - create entity
[2023-05-30T12:28:29.648] [DEBUG] default - create entity
[2023-05-30T12:28:29.648] [DEBUG] default - create entity
[2023-05-30T12:28:29.649] [DEBUG] default - create entity
[2023-05-30T12:28:29.649] [DEBUG] default - create entity
[2023-05-30T12:28:29.650] [DEBUG] default - create entity
[2023-05-30T12:28:29.650] [DEBUG] default - create entity
[2023-05-30T12:28:29.651] [DEBUG] default - create entity
[2023-05-30T12:28:29.651] [DEBUG] default - create entity
[2023-05-30T12:28:29.652] [DEBUG] default - create entity
[2023-05-30T12:28:39.252] [DEBUG] default - Add
[2023-05-30T12:28:44.196] [DEBUG] default - Add
[2023-05-30T12:28:47.505] [DEBUG] default - Add
[2023-05-30T12:28:48.970] [DEBUG] default - restore [object Object]
[2023-05-30T12:28:49.243] [DEBUG] default - restore [object Object]
[2023-05-30T12:28:49.499] [DEBUG] default - restore [object Object]
[2023-05-30T12:28:49.759] [DEBUG] default - restore [object Object]
[2023-05-30T12:28:50.052] [DEBUG] default - restore [object Object]
[2023-05-30T12:28:50.065] [DEBUG] default - create entity
[2023-05-30T12:28:50.067] [DEBUG] default - create entity
[2023-05-30T12:28:50.067] [DEBUG] default - create entity
[2023-05-30T12:28:50.067] [DEBUG] default - create entity
[2023-05-30T12:28:50.067] [DEBUG] default - create entity
[2023-05-30T12:28:50.068] [DEBUG] default - create entity
[2023-05-30T12:29:13.489] [DEBUG] default - Add
[2023-05-30T12:29:14.466] [DEBUG] default - Add
[2023-05-30T12:29:17.458] [DEBUG] default - Add
[2023-05-30T12:29:17.479] [DEBUG] default - Add
[2023-05-30T12:29:29.244] [DEBUG] default - Add
[2023-05-30T12:29:29.247] [DEBUG] default - Add
[2023-05-30T12:29:33.078] [DEBUG] default - create entity
[2023-05-30T12:29:33.083] [DEBUG] default - create entity
[2023-05-30T12:29:33.085] [DEBUG] default - create entity
[2023-05-30T12:29:33.087] [DEBUG] default - create entity
[2023-05-30T12:29:33.087] [DEBUG] default - create entity
[2023-05-30T12:29:33.088] [DEBUG] default - create entity
[2023-05-30T12:29:33.089] [DEBUG] default - create entity
[2023-05-30T12:29:33.089] [DEBUG] default - create entity
[2023-05-30T12:29:33.091] [DEBUG] default - create entity
[2023-05-30T12:29:33.092] [DEBUG] default - create entity
[2023-05-30T12:29:53.078] [DEBUG] default - truncate db
[2023-05-30T12:30:33.632] [DEBUG] default - Add
[2023-05-30T12:30:39.442] [DEBUG] default - create entity
[2023-05-30T12:30:39.445] [DEBUG] default - create entity
[2023-05-30T12:30:39.445] [DEBUG] default - create entity
[2023-05-30T12:30:39.445] [DEBUG] default - create entity
[2023-05-30T12:30:39.446] [DEBUG] default - create entity
[2023-05-30T12:30:39.448] [DEBUG] default - create entity
[2023-05-30T12:30:39.449] [DEBUG] default - create entity
[2023-05-30T12:30:39.450] [DEBUG] default - create entity
[2023-05-30T12:30:39.452] [DEBUG] default - create entity
[2023-05-30T12:30:39.452] [DEBUG] default - create entity
[2023-05-30T12:30:44.996] [DEBUG] default - Add
[2023-05-30T12:30:44.999] [DEBUG] default - Add
[2023-05-30T12:30:47.460] [DEBUG] default - Add
[2023-05-30T12:30:47.971] [DEBUG] default - restore [object Object]
[2023-05-30T12:30:48.189] [DEBUG] default - restore [object Object]
[2023-05-30T12:30:48.783] [DEBUG] default - restore [object Object]
[2023-05-30T12:30:48.945] [DEBUG] default - restore [object Object]
[2023-05-30T12:30:49.351] [DEBUG] default - restore [object Object]
[2023-05-30T12:30:55.963] [DEBUG] default - Add
[2023-05-30T12:30:57.478] [DEBUG] default - Add
[2023-05-30T12:30:59.445] [DEBUG] default - truncate db
[2023-05-30T12:31:06.698] [DEBUG] default - Add
[2023-05-30T12:31:07.497] [DEBUG] default - Add
[2023-05-30T12:31:26.406] [DEBUG] default - Add
[2023-05-30T12:31:26.412] [DEBUG] default - Add
[2023-05-30T12:31:27.570] [DEBUG] default - Add
[2023-05-30T12:31:27.572] [DEBUG] default - Add
[2023-05-30T12:31:36.597] [DEBUG] default - Add
[2023-05-30T12:31:37.557] [DEBUG] default - Add
[2023-05-30T12:31:42.552] [DEBUG] default - Add
[2023-05-30T12:31:43.770] [DEBUG] default - create entity
[2023-05-30T12:31:43.818] [DEBUG] default - create entity
[2023-05-30T12:31:43.820] [DEBUG] default - create entity
[2023-05-30T12:31:43.820] [DEBUG] default - create entity
[2023-05-30T12:31:43.820] [DEBUG] default - create entity
[2023-05-30T12:31:43.821] [DEBUG] default - create entity
[2023-05-30T12:31:43.822] [DEBUG] default - create entity
[2023-05-30T12:31:43.824] [DEBUG] default - create entity
[2023-05-30T12:31:43.826] [DEBUG] default - create entity
[2023-05-30T12:31:43.828] [DEBUG] default - create entity
[2023-05-30T12:31:48.481] [DEBUG] default - Add
[2023-05-30T12:31:53.109] [DEBUG] default - restore [object Object]
[2023-05-30T12:31:53.666] [DEBUG] default - restore [object Object]
[2023-05-30T12:31:53.950] [DEBUG] default - restore [object Object]
[2023-05-30T12:31:53.997] [DEBUG] default - Add
[2023-05-30T12:31:54.438] [DEBUG] default - restore [object Object]
[2023-05-30T12:31:57.618] [DEBUG] default - Add
[2023-05-30T12:32:03.780] [DEBUG] default - truncate db
[2023-05-30T12:32:05.781] [DEBUG] default - Add
[2023-05-30T12:32:07.584] [DEBUG] default - Add
[2023-05-30T12:32:13.828] [DEBUG] default - Add
[2023-05-30T12:32:18.505] [DEBUG] default - restore [object Object]
