[2023-05-29T23:32:04.533] [DEBUG] default - create entity
[2023-05-29T23:32:04.538] [DEBUG] default - create entity
[2023-05-29T23:32:04.539] [DEBUG] default - create entity
[2023-05-29T23:32:04.540] [DEBUG] default - create entity
[2023-05-29T23:32:04.540] [DEBUG] default - create entity
[2023-05-29T23:32:04.541] [DEBUG] default - create entity
[2023-05-29T23:32:04.541] [DEBUG] default - create entity
[2023-05-29T23:32:04.542] [DEBUG] default - create entity
[2023-05-29T23:32:04.542] [DEBUG] default - create entity
[2023-05-29T23:32:04.543] [DEBUG] default - create entity
[2023-05-29T23:32:24.541] [DEBUG] default - truncate db
[2023-05-29T23:32:44.554] [DEBUG] default - create entity
[2023-05-29T23:32:44.555] [DEBUG] default - create entity
[2023-05-29T23:32:44.555] [DEBUG] default - create entity
[2023-05-29T23:32:44.556] [DEBUG] default - create entity
[2023-05-29T23:32:44.556] [DEBUG] default - create entity
[2023-05-29T23:32:44.557] [DEBUG] default - create entity
[2023-05-29T23:32:44.557] [DEBUG] default - create entity
[2023-05-29T23:32:44.557] [DEBUG] default - create entity
[2023-05-29T23:32:44.557] [DEBUG] default - create entity
[2023-05-29T23:32:44.557] [DEBUG] default - create entity
[2023-05-29T23:33:04.566] [DEBUG] default - truncate db
[2023-05-29T23:33:24.574] [DEBUG] default - create entity
[2023-05-29T23:33:24.575] [DEBUG] default - create entity
[2023-05-29T23:33:24.575] [DEBUG] default - create entity
[2023-05-29T23:33:24.576] [DEBUG] default - create entity
[2023-05-29T23:33:24.576] [DEBUG] default - create entity
[2023-05-29T23:33:24.576] [DEBUG] default - create entity
[2023-05-29T23:33:24.576] [DEBUG] default - create entity
[2023-05-29T23:33:24.577] [DEBUG] default - create entity
[2023-05-29T23:33:24.577] [DEBUG] default - create entity
[2023-05-29T23:33:24.577] [DEBUG] default - create entity
[2023-05-29T23:33:44.586] [DEBUG] default - truncate db
[2023-05-29T23:34:04.591] [DEBUG] default - create entity
[2023-05-29T23:34:04.591] [DEBUG] default - create entity
[2023-05-29T23:34:04.592] [DEBUG] default - create entity
[2023-05-29T23:34:04.592] [DEBUG] default - create entity
[2023-05-29T23:34:04.592] [DEBUG] default - create entity
[2023-05-29T23:34:04.592] [DEBUG] default - create entity
[2023-05-29T23:34:04.592] [DEBUG] default - create entity
[2023-05-29T23:34:04.593] [DEBUG] default - create entity
[2023-05-29T23:34:04.593] [DEBUG] default - create entity
[2023-05-29T23:34:04.593] [DEBUG] default - create entity
[2023-05-29T23:34:24.600] [DEBUG] default - truncate db
[2023-05-29T23:34:44.609] [DEBUG] default - create entity
[2023-05-29T23:34:44.609] [DEBUG] default - create entity
[2023-05-29T23:34:44.609] [DEBUG] default - create entity
[2023-05-29T23:34:44.610] [DEBUG] default - create entity
[2023-05-29T23:34:44.610] [DEBUG] default - create entity
[2023-05-29T23:34:44.610] [DEBUG] default - create entity
[2023-05-29T23:34:44.610] [DEBUG] default - create entity
[2023-05-29T23:34:44.610] [DEBUG] default - create entity
[2023-05-29T23:34:44.610] [DEBUG] default - create entity
[2023-05-29T23:34:44.610] [DEBUG] default - create entity
[2023-05-29T23:35:04.609] [DEBUG] default - truncate db
[2023-05-29T23:35:24.616] [DEBUG] default - create entity
[2023-05-29T23:35:24.617] [DEBUG] default - create entity
[2023-05-29T23:35:24.617] [DEBUG] default - create entity
[2023-05-29T23:35:24.617] [DEBUG] default - create entity
[2023-05-29T23:35:24.617] [DEBUG] default - create entity
[2023-05-29T23:35:24.617] [DEBUG] default - create entity
[2023-05-29T23:35:24.618] [DEBUG] default - create entity
[2023-05-29T23:35:24.618] [DEBUG] default - create entity
[2023-05-29T23:35:24.618] [DEBUG] default - create entity
[2023-05-29T23:35:24.618] [DEBUG] default - create entity
[2023-05-29T23:35:44.622] [DEBUG] default - truncate db
[2023-05-29T23:36:04.630] [DEBUG] default - create entity
[2023-05-29T23:36:04.631] [DEBUG] default - create entity
[2023-05-29T23:36:04.631] [DEBUG] default - create entity
[2023-05-29T23:36:04.631] [DEBUG] default - create entity
[2023-05-29T23:36:04.632] [DEBUG] default - create entity
[2023-05-29T23:36:04.632] [DEBUG] default - create entity
[2023-05-29T23:36:04.632] [DEBUG] default - create entity
[2023-05-29T23:36:04.632] [DEBUG] default - create entity
[2023-05-29T23:36:04.632] [DEBUG] default - create entity
[2023-05-29T23:36:04.633] [DEBUG] default - create entity
[2023-05-29T23:36:12.502] [DEBUG] default - Add
[2023-05-29T23:36:17.708] [DEBUG] default - Add
[2023-05-29T23:36:24.631] [DEBUG] default - truncate db
[2023-05-29T23:36:27.709] [DEBUG] default - Add
[2023-05-29T23:36:37.714] [DEBUG] default - Add
[2023-05-29T23:36:44.643] [DEBUG] default - create entity
[2023-05-29T23:36:44.644] [DEBUG] default - create entity
[2023-05-29T23:36:44.644] [DEBUG] default - create entity
[2023-05-29T23:36:44.644] [DEBUG] default - create entity
[2023-05-29T23:36:44.644] [DEBUG] default - create entity
[2023-05-29T23:36:44.644] [DEBUG] default - create entity
[2023-05-29T23:36:44.644] [DEBUG] default - create entity
[2023-05-29T23:36:44.645] [DEBUG] default - create entity
[2023-05-29T23:36:44.645] [DEBUG] default - create entity
[2023-05-29T23:36:44.645] [DEBUG] default - create entity
[2023-05-29T23:36:49.285] [DEBUG] default - Add
[2023-05-29T23:36:57.731] [DEBUG] default - Add
[2023-05-29T23:37:03.034] [DEBUG] default - restore from central data base
[2023-05-29T23:37:04.059] [DEBUG] default - restore [object Object]
[2023-05-29T23:37:04.596] [DEBUG] default - restore [object Object]
[2023-05-29T23:37:05.581] [DEBUG] default - restore [object Object]
[2023-05-29T23:37:06.736] [DEBUG] default - restore [object Object]
[2023-05-29T23:37:06.743] [DEBUG] default - create entity
[2023-05-29T23:37:06.744] [DEBUG] default - create entity
[2023-05-29T23:37:06.744] [DEBUG] default - create entity
[2023-05-29T23:37:06.744] [DEBUG] default - create entity
[2023-05-29T23:37:06.745] [DEBUG] default - create entity
[2023-05-29T23:37:06.745] [DEBUG] default - create entity
[2023-05-29T23:37:06.745] [DEBUG] default - create entity
[2023-05-29T23:37:07.369] [DEBUG] default - restore [object Object]
[2023-05-29T23:38:54.256] [DEBUG] default - create entity
[2023-05-29T23:38:54.304] [DEBUG] default - create entity
[2023-05-29T23:38:54.305] [DEBUG] default - create entity
[2023-05-29T23:38:54.306] [DEBUG] default - create entity
[2023-05-29T23:38:54.332] [DEBUG] default - create entity
[2023-05-29T23:38:54.333] [DEBUG] default - create entity
[2023-05-29T23:38:54.334] [DEBUG] default - create entity
[2023-05-29T23:38:54.338] [DEBUG] default - create entity
[2023-05-29T23:38:54.347] [DEBUG] default - create entity
[2023-05-29T23:38:54.351] [DEBUG] default - create entity
[2023-05-29T23:39:14.213] [DEBUG] default - truncate db
[2023-05-29T23:39:24.115] [DEBUG] default - Add
[2023-05-29T23:39:34.109] [DEBUG] default - Add
[2023-05-29T23:39:34.213] [DEBUG] default - create entity
[2023-05-29T23:39:34.213] [DEBUG] default - create entity
[2023-05-29T23:39:34.214] [DEBUG] default - create entity
[2023-05-29T23:39:34.215] [DEBUG] default - create entity
[2023-05-29T23:39:34.215] [DEBUG] default - create entity
[2023-05-29T23:39:34.215] [DEBUG] default - create entity
[2023-05-29T23:39:34.215] [DEBUG] default - create entity
[2023-05-29T23:39:34.215] [DEBUG] default - create entity
[2023-05-29T23:39:34.215] [DEBUG] default - create entity
[2023-05-29T23:39:34.215] [DEBUG] default - create entity
[2023-05-29T23:39:44.112] [DEBUG] default - Add
[2023-05-29T23:39:54.113] [DEBUG] default - Add
[2023-05-29T23:39:54.218] [DEBUG] default - truncate db
[2023-05-29T23:40:04.112] [DEBUG] default - Add
[2023-05-29T23:40:14.119] [DEBUG] default - Add
[2023-05-29T23:40:14.230] [DEBUG] default - create entity
[2023-05-29T23:40:14.230] [DEBUG] default - create entity
[2023-05-29T23:40:14.231] [DEBUG] default - create entity
[2023-05-29T23:40:14.231] [DEBUG] default - create entity
[2023-05-29T23:40:14.232] [DEBUG] default - create entity
[2023-05-29T23:40:14.232] [DEBUG] default - create entity
[2023-05-29T23:40:14.232] [DEBUG] default - create entity
[2023-05-29T23:40:14.232] [DEBUG] default - create entity
[2023-05-29T23:40:14.233] [DEBUG] default - create entity
[2023-05-29T23:40:14.233] [DEBUG] default - create entity
[2023-05-30T11:55:11.724] [DEBUG] default - Add
[2023-05-30T11:55:17.687] [DEBUG] default - create entity
[2023-05-30T11:55:17.697] [DEBUG] default - create entity
[2023-05-30T11:55:17.698] [DEBUG] default - create entity
[2023-05-30T11:55:17.698] [DEBUG] default - create entity
[2023-05-30T11:55:17.699] [DEBUG] default - create entity
[2023-05-30T11:55:17.699] [DEBUG] default - create entity
[2023-05-30T11:55:17.700] [DEBUG] default - create entity
[2023-05-30T11:55:17.701] [DEBUG] default - create entity
[2023-05-30T11:55:17.702] [DEBUG] default - create entity
[2023-05-30T11:55:17.702] [DEBUG] default - create entity
[2023-05-30T11:55:22.390] [DEBUG] default - Add
[2023-05-30T11:55:31.657] [DEBUG] default - Add
[2023-05-30T11:55:37.679] [DEBUG] default - truncate db
[2023-05-30T11:55:44.989] [DEBUG] default - Add
[2023-05-30T11:55:57.687] [DEBUG] default - create entity
[2023-05-30T11:55:57.688] [DEBUG] default - create entity
[2023-05-30T11:55:57.688] [DEBUG] default - create entity
[2023-05-30T11:55:57.693] [DEBUG] default - create entity
[2023-05-30T11:55:57.694] [DEBUG] default - create entity
[2023-05-30T11:55:57.694] [DEBUG] default - create entity
[2023-05-30T11:55:57.694] [DEBUG] default - create entity
[2023-05-30T11:55:57.695] [DEBUG] default - create entity
[2023-05-30T11:55:57.695] [DEBUG] default - create entity
[2023-05-30T11:55:57.695] [DEBUG] default - create entity
[2023-05-30T11:56:01.782] [DEBUG] default - Add
[2023-05-30T11:56:02.697] [DEBUG] default - Add
[2023-05-30T11:56:11.670] [DEBUG] default - Add
[2023-05-30T11:56:17.689] [DEBUG] default - truncate db
[2023-05-30T11:56:21.957] [DEBUG] default - Add
[2023-05-30T11:56:31.676] [DEBUG] default - Add
[2023-05-30T11:56:37.717] [DEBUG] default - create entity
[2023-05-30T11:56:37.717] [DEBUG] default - create entity
[2023-05-30T11:56:37.718] [DEBUG] default - create entity
[2023-05-30T11:56:37.718] [DEBUG] default - create entity
[2023-05-30T11:56:37.718] [DEBUG] default - create entity
[2023-05-30T11:56:37.719] [DEBUG] default - create entity
[2023-05-30T11:56:37.719] [DEBUG] default - create entity
[2023-05-30T11:56:37.719] [DEBUG] default - create entity
[2023-05-30T11:56:37.721] [DEBUG] default - create entity
[2023-05-30T11:56:37.722] [DEBUG] default - create entity
[2023-05-30T11:56:41.674] [DEBUG] default - Add
[2023-05-30T11:56:56.564] [DEBUG] default - Add
[2023-05-30T11:56:57.718] [DEBUG] default - truncate db
[2023-05-30T11:57:06.804] [DEBUG] default - Add
[2023-05-30T11:57:11.701] [DEBUG] default - Add
[2023-05-30T11:57:16.157] [DEBUG] default - restore from central data base
[2023-05-30T11:57:17.714] [DEBUG] default - create entity
[2023-05-30T11:57:17.714] [DEBUG] default - create entity
[2023-05-30T11:57:17.715] [DEBUG] default - create entity
[2023-05-30T11:57:17.715] [DEBUG] default - create entity
[2023-05-30T11:57:17.716] [DEBUG] default - create entity
[2023-05-30T11:57:17.716] [DEBUG] default - create entity
[2023-05-30T11:57:17.717] [DEBUG] default - create entity
[2023-05-30T11:57:17.717] [DEBUG] default - create entity
[2023-05-30T11:57:17.718] [DEBUG] default - create entity
[2023-05-30T11:57:17.719] [DEBUG] default - create entity
[2023-05-30T11:57:24.524] [DEBUG] default - Add
[2023-05-30T11:57:31.716] [DEBUG] default - Add
[2023-05-30T11:57:37.729] [DEBUG] default - truncate db
[2023-05-30T11:57:41.726] [DEBUG] default - Add
[2023-05-30T11:57:44.788] [DEBUG] default - Add
[2023-05-30T11:57:51.732] [DEBUG] default - Add
[2023-05-30T11:57:57.748] [DEBUG] default - create entity
[2023-05-30T11:57:57.749] [DEBUG] default - create entity
[2023-05-30T11:57:57.749] [DEBUG] default - create entity
[2023-05-30T11:57:57.749] [DEBUG] default - create entity
[2023-05-30T11:57:57.749] [DEBUG] default - create entity
[2023-05-30T11:57:57.750] [DEBUG] default - create entity
[2023-05-30T11:57:57.750] [DEBUG] default - create entity
[2023-05-30T11:57:57.750] [DEBUG] default - create entity
[2023-05-30T11:57:57.750] [DEBUG] default - create entity
[2023-05-30T11:57:57.750] [DEBUG] default - create entity
[2023-05-30T11:58:01.996] [DEBUG] default - Add
[2023-05-30T11:58:10.625] [DEBUG] default - Add
[2023-05-30T11:58:11.743] [DEBUG] default - Add
[2023-05-30T11:58:17.737] [DEBUG] default - truncate db
[2023-05-30T11:58:22.888] [DEBUG] default - Add
[2023-05-30T11:58:31.759] [DEBUG] default - Add
[2023-05-30T11:58:37.755] [DEBUG] default - create entity
[2023-05-30T11:58:37.756] [DEBUG] default - create entity
[2023-05-30T11:58:37.756] [DEBUG] default - create entity
[2023-05-30T11:58:37.756] [DEBUG] default - create entity
[2023-05-30T11:58:37.756] [DEBUG] default - create entity
[2023-05-30T11:58:37.757] [DEBUG] default - create entity
[2023-05-30T11:58:37.757] [DEBUG] default - create entity
[2023-05-30T11:58:37.757] [DEBUG] default - create entity
[2023-05-30T11:58:37.757] [DEBUG] default - create entity
[2023-05-30T11:58:37.758] [DEBUG] default - create entity
[2023-05-30T11:58:43.133] [DEBUG] default - Add
[2023-05-30T11:58:57.599] [DEBUG] default - Add
[2023-05-30T11:58:57.739] [DEBUG] default - truncate db
[2023-05-30T12:06:33.089] [DEBUG] default - Add
[2023-05-30T12:06:35.451] [DEBUG] default - Add
[2023-05-30T12:06:45.445] [DEBUG] default - Add
[2023-05-30T12:06:49.763] [DEBUG] default - create entity
[2023-05-30T12:06:49.772] [DEBUG] default - create entity
[2023-05-30T12:06:49.772] [DEBUG] default - create entity
[2023-05-30T12:06:49.774] [DEBUG] default - create entity
[2023-05-30T12:06:49.776] [DEBUG] default - create entity
[2023-05-30T12:06:49.780] [DEBUG] default - create entity
[2023-05-30T12:06:49.782] [DEBUG] default - create entity
[2023-05-30T12:06:49.783] [DEBUG] default - create entity
[2023-05-30T12:06:49.784] [DEBUG] default - create entity
[2023-05-30T12:06:49.785] [DEBUG] default - create entity
[2023-05-30T12:07:03.148] [DEBUG] default - Add
[2023-05-30T12:07:05.455] [DEBUG] default - Add
[2023-05-30T12:07:09.762] [DEBUG] default - truncate db
[2023-05-30T12:07:29.765] [DEBUG] default - create entity
[2023-05-30T12:07:29.766] [DEBUG] default - create entity
[2023-05-30T12:07:29.766] [DEBUG] default - create entity
[2023-05-30T12:07:29.767] [DEBUG] default - create entity
[2023-05-30T12:07:29.767] [DEBUG] default - create entity
[2023-05-30T12:07:29.767] [DEBUG] default - create entity
[2023-05-30T12:07:29.768] [DEBUG] default - create entity
[2023-05-30T12:07:29.768] [DEBUG] default - create entity
[2023-05-30T12:07:29.768] [DEBUG] default - create entity
[2023-05-30T12:07:29.768] [DEBUG] default - create entity
[2023-05-30T12:07:49.782] [DEBUG] default - truncate db
[2023-05-30T12:08:09.795] [DEBUG] default - create entity
[2023-05-30T12:08:09.796] [DEBUG] default - create entity
[2023-05-30T12:08:09.797] [DEBUG] default - create entity
[2023-05-30T12:08:09.798] [DEBUG] default - create entity
[2023-05-30T12:08:09.800] [DEBUG] default - create entity
[2023-05-30T12:08:09.801] [DEBUG] default - create entity
[2023-05-30T12:08:09.802] [DEBUG] default - create entity
[2023-05-30T12:08:09.802] [DEBUG] default - create entity
[2023-05-30T12:08:09.802] [DEBUG] default - create entity
[2023-05-30T12:08:09.803] [DEBUG] default - create entity
[2023-05-30T12:08:29.798] [DEBUG] default - truncate db
[2023-05-30T12:08:48.856] [DEBUG] default - Add
[2023-05-30T12:08:49.799] [DEBUG] default - create entity
[2023-05-30T12:08:49.799] [DEBUG] default - create entity
[2023-05-30T12:08:49.799] [DEBUG] default - create entity
[2023-05-30T12:08:49.800] [DEBUG] default - create entity
[2023-05-30T12:08:49.800] [DEBUG] default - create entity
[2023-05-30T12:08:49.801] [DEBUG] default - create entity
[2023-05-30T12:08:49.801] [DEBUG] default - create entity
[2023-05-30T12:08:49.801] [DEBUG] default - create entity
[2023-05-30T12:08:49.801] [DEBUG] default - create entity
[2023-05-30T12:08:49.801] [DEBUG] default - create entity
[2023-05-30T12:09:02.061] [DEBUG] default - Add
[2023-05-30T12:09:09.803] [DEBUG] default - truncate db
[2023-05-30T12:09:29.810] [DEBUG] default - create entity
[2023-05-30T12:09:29.810] [DEBUG] default - create entity
[2023-05-30T12:09:29.811] [DEBUG] default - create entity
[2023-05-30T12:09:29.811] [DEBUG] default - create entity
[2023-05-30T12:09:29.811] [DEBUG] default - create entity
[2023-05-30T12:09:29.811] [DEBUG] default - create entity
[2023-05-30T12:09:29.812] [DEBUG] default - create entity
[2023-05-30T12:09:29.812] [DEBUG] default - create entity
[2023-05-30T12:09:29.813] [DEBUG] default - create entity
[2023-05-30T12:09:29.813] [DEBUG] default - create entity
[2023-05-30T12:09:49.813] [DEBUG] default - truncate db
[2023-05-30T12:10:05.905] [DEBUG] default - Add
[2023-05-30T12:10:09.822] [DEBUG] default - create entity
[2023-05-30T12:10:09.822] [DEBUG] default - create entity
[2023-05-30T12:10:09.822] [DEBUG] default - create entity
[2023-05-30T12:10:09.822] [DEBUG] default - create entity
[2023-05-30T12:10:09.823] [DEBUG] default - create entity
[2023-05-30T12:10:09.823] [DEBUG] default - create entity
[2023-05-30T12:10:09.823] [DEBUG] default - create entity
[2023-05-30T12:10:09.823] [DEBUG] default - create entity
[2023-05-30T12:10:09.823] [DEBUG] default - create entity
[2023-05-30T12:10:09.824] [DEBUG] default - create entity
[2023-05-30T12:10:16.866] [DEBUG] default - Add
[2023-05-30T12:10:29.836] [DEBUG] default - truncate db
[2023-05-30T12:10:49.893] [DEBUG] default - create entity
[2023-05-30T12:10:49.894] [DEBUG] default - create entity
[2023-05-30T12:10:49.894] [DEBUG] default - create entity
[2023-05-30T12:10:49.894] [DEBUG] default - create entity
[2023-05-30T12:10:49.895] [DEBUG] default - create entity
[2023-05-30T12:10:49.895] [DEBUG] default - create entity
[2023-05-30T12:10:49.895] [DEBUG] default - create entity
[2023-05-30T12:10:49.895] [DEBUG] default - create entity
[2023-05-30T12:10:49.895] [DEBUG] default - create entity
[2023-05-30T12:10:49.896] [DEBUG] default - create entity
[2023-05-30T12:11:09.868] [DEBUG] default - truncate db
[2023-05-30T12:11:30.003] [DEBUG] default - create entity
[2023-05-30T12:11:30.004] [DEBUG] default - create entity
[2023-05-30T12:11:30.005] [DEBUG] default - create entity
[2023-05-30T12:11:30.006] [DEBUG] default - create entity
[2023-05-30T12:11:30.007] [DEBUG] default - create entity
[2023-05-30T12:11:30.007] [DEBUG] default - create entity
[2023-05-30T12:11:30.007] [DEBUG] default - create entity
[2023-05-30T12:11:30.008] [DEBUG] default - create entity
[2023-05-30T12:11:30.008] [DEBUG] default - create entity
[2023-05-30T12:11:30.008] [DEBUG] default - create entity
[2023-05-30T12:11:36.359] [DEBUG] default - Add
[2023-05-30T12:11:39.057] [DEBUG] default - Add
[2023-05-30T12:11:50.070] [DEBUG] default - truncate db
[2023-05-30T12:12:10.013] [DEBUG] default - create entity
[2023-05-30T12:12:10.016] [DEBUG] default - create entity
[2023-05-30T12:12:10.017] [DEBUG] default - create entity
[2023-05-30T12:12:10.017] [DEBUG] default - create entity
[2023-05-30T12:12:10.017] [DEBUG] default - create entity
[2023-05-30T12:12:10.017] [DEBUG] default - create entity
[2023-05-30T12:12:10.017] [DEBUG] default - create entity
[2023-05-30T12:12:10.017] [DEBUG] default - create entity
[2023-05-30T12:12:10.018] [DEBUG] default - create entity
[2023-05-30T12:12:10.018] [DEBUG] default - create entity
[2023-05-30T12:12:30.082] [DEBUG] default - truncate db
[2023-05-30T12:12:49.995] [DEBUG] default - create entity
[2023-05-30T12:12:49.996] [DEBUG] default - create entity
[2023-05-30T12:12:49.996] [DEBUG] default - create entity
[2023-05-30T12:12:49.996] [DEBUG] default - create entity
[2023-05-30T12:12:49.997] [DEBUG] default - create entity
[2023-05-30T12:12:49.997] [DEBUG] default - create entity
[2023-05-30T12:12:49.997] [DEBUG] default - create entity
[2023-05-30T12:12:49.997] [DEBUG] default - create entity
[2023-05-30T12:12:49.997] [DEBUG] default - create entity
[2023-05-30T12:12:49.997] [DEBUG] default - create entity
[2023-05-30T12:13:10.012] [DEBUG] default - truncate db
[2023-05-30T12:13:18.580] [DEBUG] default - Add
[2023-05-30T12:13:23.998] [DEBUG] default - Add
[2023-05-30T12:13:30.020] [DEBUG] default - create entity
[2023-05-30T12:13:30.020] [DEBUG] default - create entity
[2023-05-30T12:13:30.020] [DEBUG] default - create entity
[2023-05-30T12:13:30.021] [DEBUG] default - create entity
[2023-05-30T12:13:30.021] [DEBUG] default - create entity
[2023-05-30T12:13:30.021] [DEBUG] default - create entity
[2023-05-30T12:13:30.021] [DEBUG] default - create entity
[2023-05-30T12:13:30.021] [DEBUG] default - create entity
[2023-05-30T12:13:30.021] [DEBUG] default - create entity
[2023-05-30T12:13:30.021] [DEBUG] default - create entity
[2023-05-30T12:13:32.032] [DEBUG] default - Add
[2023-05-30T12:13:33.588] [DEBUG] default - Add
[2023-05-30T12:13:50.033] [DEBUG] default - truncate db
[2023-05-30T12:14:10.047] [DEBUG] default - create entity
[2023-05-30T12:14:10.047] [DEBUG] default - create entity
[2023-05-30T12:14:10.048] [DEBUG] default - create entity
[2023-05-30T12:14:10.048] [DEBUG] default - create entity
[2023-05-30T12:14:10.048] [DEBUG] default - create entity
[2023-05-30T12:14:10.048] [DEBUG] default - create entity
[2023-05-30T12:14:10.048] [DEBUG] default - create entity
[2023-05-30T12:14:10.049] [DEBUG] default - create entity
[2023-05-30T12:14:10.049] [DEBUG] default - create entity
[2023-05-30T12:14:10.049] [DEBUG] default - create entity
[2023-05-30T12:14:30.049] [DEBUG] default - truncate db
[2023-05-30T12:14:50.072] [DEBUG] default - create entity
[2023-05-30T12:14:50.073] [DEBUG] default - create entity
[2023-05-30T12:14:50.074] [DEBUG] default - create entity
[2023-05-30T12:14:50.075] [DEBUG] default - create entity
[2023-05-30T12:14:50.076] [DEBUG] default - create entity
[2023-05-30T12:14:50.076] [DEBUG] default - create entity
[2023-05-30T12:14:50.076] [DEBUG] default - create entity
[2023-05-30T12:14:50.076] [DEBUG] default - create entity
[2023-05-30T12:14:50.077] [DEBUG] default - create entity
[2023-05-30T12:14:50.077] [DEBUG] default - create entity
[2023-05-30T12:15:10.065] [DEBUG] default - truncate db
[2023-05-30T12:15:27.901] [DEBUG] default - Add
[2023-05-30T12:15:30.082] [DEBUG] default - create entity
[2023-05-30T12:15:30.083] [DEBUG] default - create entity
[2023-05-30T12:15:30.083] [DEBUG] default - create entity
[2023-05-30T12:15:30.084] [DEBUG] default - create entity
[2023-05-30T12:15:30.084] [DEBUG] default - create entity
[2023-05-30T12:15:30.084] [DEBUG] default - create entity
[2023-05-30T12:15:30.085] [DEBUG] default - create entity
[2023-05-30T12:15:30.085] [DEBUG] default - create entity
[2023-05-30T12:15:30.085] [DEBUG] default - create entity
[2023-05-30T12:15:30.085] [DEBUG] default - create entity
[2023-05-30T12:15:32.230] [DEBUG] default - Add
[2023-05-30T12:15:37.754] [DEBUG] default - Add
[2023-05-30T12:15:44.875] [DEBUG] default - Add
[2023-05-30T12:15:50.126] [DEBUG] default - truncate db
[2023-05-30T12:16:10.130] [DEBUG] default - create entity
[2023-05-30T12:16:10.130] [DEBUG] default - create entity
[2023-05-30T12:16:10.130] [DEBUG] default - create entity
[2023-05-30T12:16:10.130] [DEBUG] default - create entity
[2023-05-30T12:16:10.130] [DEBUG] default - create entity
[2023-05-30T12:16:10.131] [DEBUG] default - create entity
[2023-05-30T12:16:10.131] [DEBUG] default - create entity
[2023-05-30T12:16:10.131] [DEBUG] default - create entity
[2023-05-30T12:16:10.137] [DEBUG] default - create entity
[2023-05-30T12:16:10.137] [DEBUG] default - create entity
[2023-05-30T12:16:30.128] [DEBUG] default - truncate db
[2023-05-30T12:16:50.131] [DEBUG] default - create entity
[2023-05-30T12:16:50.131] [DEBUG] default - create entity
[2023-05-30T12:16:50.132] [DEBUG] default - create entity
[2023-05-30T12:16:50.132] [DEBUG] default - create entity
[2023-05-30T12:16:50.132] [DEBUG] default - create entity
[2023-05-30T12:16:50.132] [DEBUG] default - create entity
[2023-05-30T12:16:50.132] [DEBUG] default - create entity
[2023-05-30T12:16:50.133] [DEBUG] default - create entity
[2023-05-30T12:16:50.133] [DEBUG] default - create entity
[2023-05-30T12:16:50.133] [DEBUG] default - create entity
[2023-05-30T12:17:10.140] [DEBUG] default - truncate db
[2023-05-30T12:17:30.155] [DEBUG] default - create entity
[2023-05-30T12:17:30.156] [DEBUG] default - create entity
[2023-05-30T12:17:30.156] [DEBUG] default - create entity
[2023-05-30T12:17:30.156] [DEBUG] default - create entity
[2023-05-30T12:17:30.156] [DEBUG] default - create entity
[2023-05-30T12:17:30.157] [DEBUG] default - create entity
[2023-05-30T12:17:30.157] [DEBUG] default - create entity
[2023-05-30T12:17:30.157] [DEBUG] default - create entity
[2023-05-30T12:17:30.157] [DEBUG] default - create entity
[2023-05-30T12:17:30.157] [DEBUG] default - create entity
[2023-05-30T12:17:50.155] [DEBUG] default - truncate db
[2023-05-30T12:18:08.968] [DEBUG] default - Add
[2023-05-30T12:18:10.164] [DEBUG] default - create entity
[2023-05-30T12:18:10.164] [DEBUG] default - create entity
[2023-05-30T12:18:10.164] [DEBUG] default - create entity
[2023-05-30T12:18:10.164] [DEBUG] default - create entity
[2023-05-30T12:18:10.165] [DEBUG] default - create entity
[2023-05-30T12:18:10.165] [DEBUG] default - create entity
[2023-05-30T12:18:10.165] [DEBUG] default - create entity
[2023-05-30T12:18:10.165] [DEBUG] default - create entity
[2023-05-30T12:18:10.166] [DEBUG] default - create entity
[2023-05-30T12:18:10.166] [DEBUG] default - create entity
[2023-05-30T12:18:13.172] [DEBUG] default - Add
[2023-05-30T12:18:16.844] [DEBUG] default - Add
[2023-05-30T12:18:24.896] [DEBUG] default - Add
[2023-05-30T12:18:26.858] [DEBUG] default - Add
[2023-05-30T12:18:43.291] [DEBUG] default - Add
[2023-05-30T12:18:43.294] [DEBUG] default - Add
[2023-05-30T12:18:43.295] [DEBUG] default - Add
[2023-05-30T12:18:43.874] [DEBUG] default - create entity
[2023-05-30T12:18:43.878] [DEBUG] default - create entity
[2023-05-30T12:18:43.878] [DEBUG] default - create entity
[2023-05-30T12:18:43.878] [DEBUG] default - create entity
[2023-05-30T12:18:43.880] [DEBUG] default - create entity
[2023-05-30T12:18:43.880] [DEBUG] default - create entity
[2023-05-30T12:18:43.881] [DEBUG] default - create entity
[2023-05-30T12:18:43.883] [DEBUG] default - create entity
[2023-05-30T12:18:43.883] [DEBUG] default - create entity
[2023-05-30T12:18:43.884] [DEBUG] default - create entity
[2023-05-30T12:18:47.424] [DEBUG] default - Add
[2023-05-30T12:18:51.897] [DEBUG] default - Add
[2023-05-30T12:18:56.906] [DEBUG] default - Add
[2023-05-30T12:19:02.224] [DEBUG] default - Add
[2023-05-30T12:19:03.878] [DEBUG] default - truncate db
[2023-05-30T12:19:09.396] [DEBUG] default - Add
[2023-05-30T12:19:11.923] [DEBUG] default - Add
[2023-05-30T12:19:17.275] [DEBUG] default - Add
[2023-05-30T12:19:23.893] [DEBUG] default - create entity
[2023-05-30T12:19:23.894] [DEBUG] default - create entity
[2023-05-30T12:19:23.895] [DEBUG] default - create entity
[2023-05-30T12:19:23.896] [DEBUG] default - create entity
[2023-05-30T12:19:23.897] [DEBUG] default - create entity
[2023-05-30T12:19:23.898] [DEBUG] default - create entity
[2023-05-30T12:19:23.899] [DEBUG] default - create entity
[2023-05-30T12:19:23.899] [DEBUG] default - create entity
[2023-05-30T12:19:23.901] [DEBUG] default - create entity
[2023-05-30T12:19:23.902] [DEBUG] default - create entity
[2023-05-30T12:19:27.107] [DEBUG] default - Add
[2023-05-30T12:19:27.987] [DEBUG] default - Add
[2023-05-30T12:19:36.529] [DEBUG] default - Add
[2023-05-30T12:19:36.967] [DEBUG] default - Add
[2023-05-30T12:19:43.899] [DEBUG] default - truncate db
[2023-05-30T12:19:46.250] [DEBUG] default - Add
[2023-05-30T12:19:47.035] [DEBUG] default - Add
[2023-05-30T12:19:51.997] [DEBUG] default - Add
[2023-05-30T12:20:01.813] [DEBUG] default - Add
[2023-05-30T12:20:02.004] [DEBUG] default - Add
[2023-05-30T12:20:03.933] [DEBUG] default - create entity
[2023-05-30T12:20:03.937] [DEBUG] default - create entity
[2023-05-30T12:20:03.938] [DEBUG] default - create entity
[2023-05-30T12:20:03.938] [DEBUG] default - create entity
[2023-05-30T12:20:03.938] [DEBUG] default - create entity
[2023-05-30T12:20:03.939] [DEBUG] default - create entity
[2023-05-30T12:20:03.939] [DEBUG] default - create entity
[2023-05-30T12:20:03.947] [DEBUG] default - create entity
[2023-05-30T12:20:03.950] [DEBUG] default - create entity
[2023-05-30T12:20:03.951] [DEBUG] default - create entity
[2023-05-30T12:20:15.041] [DEBUG] default - Add
[2023-05-30T12:20:17.212] [DEBUG] default - Add
[2023-05-30T12:20:24.249] [DEBUG] default - Add
[2023-05-30T12:20:24.254] [DEBUG] default - Add
[2023-05-30T12:20:27.049] [DEBUG] default - Add
[2023-05-30T12:20:34.241] [DEBUG] default - create entity
[2023-05-30T12:20:34.245] [DEBUG] default - create entity
[2023-05-30T12:20:34.246] [DEBUG] default - create entity
[2023-05-30T12:20:34.246] [DEBUG] default - create entity
[2023-05-30T12:20:34.247] [DEBUG] default - create entity
[2023-05-30T12:20:34.247] [DEBUG] default - create entity
[2023-05-30T12:20:34.248] [DEBUG] default - create entity
[2023-05-30T12:20:34.248] [DEBUG] default - create entity
[2023-05-30T12:20:34.248] [DEBUG] default - create entity
[2023-05-30T12:20:34.249] [DEBUG] default - create entity
[2023-05-30T12:20:43.202] [DEBUG] default - Add
[2023-05-30T12:20:43.205] [DEBUG] default - Add
[2023-05-30T12:20:43.208] [DEBUG] default - Add
[2023-05-30T12:20:48.191] [DEBUG] default - Add
[2023-05-30T12:20:52.094] [DEBUG] default - Add
[2023-05-30T12:20:54.254] [DEBUG] default - truncate db
[2023-05-30T12:21:08.324] [DEBUG] default - Add
[2023-05-30T12:21:08.325] [DEBUG] default - Add
[2023-05-30T12:21:08.326] [DEBUG] default - Add
[2023-05-30T12:21:13.414] [DEBUG] default - Add
[2023-05-30T12:21:14.259] [DEBUG] default - create entity
[2023-05-30T12:21:14.259] [DEBUG] default - create entity
[2023-05-30T12:21:14.260] [DEBUG] default - create entity
[2023-05-30T12:21:14.260] [DEBUG] default - create entity
[2023-05-30T12:21:14.260] [DEBUG] default - create entity
[2023-05-30T12:21:14.261] [DEBUG] default - create entity
[2023-05-30T12:21:14.261] [DEBUG] default - create entity
[2023-05-30T12:21:14.261] [DEBUG] default - create entity
[2023-05-30T12:21:14.262] [DEBUG] default - create entity
[2023-05-30T12:21:14.262] [DEBUG] default - create entity
[2023-05-30T12:21:17.265] [DEBUG] default - Add
[2023-05-30T12:21:27.017] [DEBUG] default - Add
[2023-05-30T12:21:27.220] [DEBUG] default - Add
[2023-05-30T12:21:32.141] [DEBUG] default - Add
[2023-05-30T12:21:34.276] [DEBUG] default - truncate db
[2023-05-30T12:21:38.083] [DEBUG] default - Add
[2023-05-30T12:21:42.508] [DEBUG] default - Add
[2023-05-30T12:21:54.285] [DEBUG] default - create entity
[2023-05-30T12:21:54.286] [DEBUG] default - create entity
[2023-05-30T12:21:54.287] [DEBUG] default - create entity
[2023-05-30T12:21:54.287] [DEBUG] default - create entity
[2023-05-30T12:21:54.287] [DEBUG] default - create entity
[2023-05-30T12:21:54.288] [DEBUG] default - create entity
[2023-05-30T12:21:54.289] [DEBUG] default - create entity
[2023-05-30T12:21:54.290] [DEBUG] default - create entity
[2023-05-30T12:21:54.291] [DEBUG] default - create entity
[2023-05-30T12:21:54.291] [DEBUG] default - create entity
[2023-05-30T12:21:56.384] [DEBUG] default - Add
[2023-05-30T12:21:56.390] [DEBUG] default - Add
[2023-05-30T12:21:57.178] [DEBUG] default - Add
[2023-05-30T12:22:04.294] [DEBUG] default - Add
[2023-05-30T12:22:07.176] [DEBUG] default - Add
[2023-05-30T12:22:13.526] [DEBUG] default - Add
[2023-05-30T12:22:14.282] [DEBUG] default - truncate db
[2023-05-30T12:22:25.792] [DEBUG] default - Add
[2023-05-30T12:22:25.793] [DEBUG] default - Add
[2023-05-30T12:22:27.241] [DEBUG] default - Add
[2023-05-30T12:22:33.372] [DEBUG] default - Add
[2023-05-30T12:22:34.297] [DEBUG] default - create entity
[2023-05-30T12:22:34.297] [DEBUG] default - create entity
[2023-05-30T12:22:34.298] [DEBUG] default - create entity
[2023-05-30T12:22:34.298] [DEBUG] default - create entity
[2023-05-30T12:22:34.298] [DEBUG] default - create entity
[2023-05-30T12:22:34.299] [DEBUG] default - create entity
[2023-05-30T12:22:34.302] [DEBUG] default - create entity
[2023-05-30T12:22:34.305] [DEBUG] default - create entity
[2023-05-30T12:22:34.307] [DEBUG] default - create entity
[2023-05-30T12:22:34.307] [DEBUG] default - create entity
[2023-05-30T12:22:37.257] [DEBUG] default - Add
[2023-05-30T12:22:42.238] [DEBUG] default - Add
[2023-05-30T12:22:53.283] [DEBUG] default - Add
[2023-05-30T12:22:54.262] [DEBUG] default - Add
[2023-05-30T12:22:57.238] [DEBUG] default - Add
[2023-05-30T12:23:07.345] [DEBUG] default - Add
[2023-05-30T12:23:07.347] [DEBUG] default - Add
[2023-05-30T12:23:12.542] [DEBUG] default - create entity
[2023-05-30T12:23:12.557] [DEBUG] default - create entity
[2023-05-30T12:23:12.558] [DEBUG] default - create entity
[2023-05-30T12:23:12.559] [DEBUG] default - create entity
[2023-05-30T12:23:12.561] [DEBUG] default - create entity
[2023-05-30T12:23:12.562] [DEBUG] default - create entity
[2023-05-30T12:23:12.564] [DEBUG] default - create entity
[2023-05-30T12:23:12.565] [DEBUG] default - create entity
[2023-05-30T12:23:12.569] [DEBUG] default - create entity
[2023-05-30T12:23:12.571] [DEBUG] default - create entity
[2023-05-30T12:23:17.517] [DEBUG] default - Add
[2023-05-30T12:23:17.522] [DEBUG] default - Add
[2023-05-30T12:23:23.277] [DEBUG] default - Add
[2023-05-30T12:23:32.554] [DEBUG] default - truncate db
[2023-05-30T12:23:52.547] [DEBUG] default - create entity
[2023-05-30T12:23:52.547] [DEBUG] default - create entity
[2023-05-30T12:23:52.551] [DEBUG] default - create entity
[2023-05-30T12:23:52.551] [DEBUG] default - create entity
[2023-05-30T12:23:52.552] [DEBUG] default - create entity
[2023-05-30T12:23:52.552] [DEBUG] default - create entity
[2023-05-30T12:23:52.554] [DEBUG] default - create entity
[2023-05-30T12:23:52.555] [DEBUG] default - create entity
[2023-05-30T12:23:52.555] [DEBUG] default - create entity
[2023-05-30T12:23:52.557] [DEBUG] default - create entity
[2023-05-30T12:24:12.576] [DEBUG] default - truncate db
[2023-05-30T12:24:45.061] [DEBUG] default - Add
[2023-05-30T12:24:53.961] [DEBUG] default - Add
[2023-05-30T12:24:54.519] [DEBUG] default - Add
[2023-05-30T12:24:57.236] [DEBUG] default - create entity
[2023-05-30T12:24:57.246] [DEBUG] default - create entity
[2023-05-30T12:24:57.246] [DEBUG] default - create entity
[2023-05-30T12:24:57.247] [DEBUG] default - create entity
[2023-05-30T12:24:57.247] [DEBUG] default - create entity
[2023-05-30T12:24:57.248] [DEBUG] default - create entity
[2023-05-30T12:24:57.249] [DEBUG] default - create entity
[2023-05-30T12:24:57.250] [DEBUG] default - create entity
[2023-05-30T12:24:57.250] [DEBUG] default - create entity
[2023-05-30T12:24:57.251] [DEBUG] default - create entity
[2023-05-30T12:25:03.282] [DEBUG] default - Add
[2023-05-30T12:25:04.484] [DEBUG] default - Add
[2023-05-30T12:25:17.223] [DEBUG] default - truncate db
[2023-05-30T12:25:37.233] [DEBUG] default - create entity
[2023-05-30T12:25:37.233] [DEBUG] default - create entity
[2023-05-30T12:25:37.234] [DEBUG] default - create entity
[2023-05-30T12:25:37.234] [DEBUG] default - create entity
[2023-05-30T12:25:37.235] [DEBUG] default - create entity
[2023-05-30T12:25:37.236] [DEBUG] default - create entity
[2023-05-30T12:25:37.237] [DEBUG] default - create entity
[2023-05-30T12:25:37.237] [DEBUG] default - create entity
[2023-05-30T12:25:37.237] [DEBUG] default - create entity
[2023-05-30T12:25:37.238] [DEBUG] default - create entity
[2023-05-30T12:25:57.235] [DEBUG] default - truncate db
[2023-05-30T12:26:17.282] [DEBUG] default - create entity
[2023-05-30T12:26:17.282] [DEBUG] default - create entity
[2023-05-30T12:26:17.283] [DEBUG] default - create entity
[2023-05-30T12:26:17.284] [DEBUG] default - create entity
[2023-05-30T12:26:17.284] [DEBUG] default - create entity
[2023-05-30T12:26:17.285] [DEBUG] default - create entity
[2023-05-30T12:26:17.285] [DEBUG] default - create entity
[2023-05-30T12:26:17.286] [DEBUG] default - create entity
[2023-05-30T12:26:17.287] [DEBUG] default - create entity
[2023-05-30T12:26:17.288] [DEBUG] default - create entity
[2023-05-30T12:26:37.267] [DEBUG] default - truncate db
[2023-05-30T12:26:57.272] [DEBUG] default - create entity
[2023-05-30T12:26:57.273] [DEBUG] default - create entity
[2023-05-30T12:26:57.273] [DEBUG] default - create entity
[2023-05-30T12:26:57.273] [DEBUG] default - create entity
[2023-05-30T12:26:57.273] [DEBUG] default - create entity
[2023-05-30T12:26:57.273] [DEBUG] default - create entity
[2023-05-30T12:26:57.273] [DEBUG] default - create entity
[2023-05-30T12:26:57.274] [DEBUG] default - create entity
[2023-05-30T12:26:57.274] [DEBUG] default - create entity
[2023-05-30T12:26:57.274] [DEBUG] default - create entity
[2023-05-30T12:27:24.675] [DEBUG] default - Add
[2023-05-30T12:27:34.853] [DEBUG] default - create entity
[2023-05-30T12:27:34.858] [DEBUG] default - create entity
[2023-05-30T12:27:34.864] [DEBUG] default - create entity
[2023-05-30T12:27:34.864] [DEBUG] default - create entity
[2023-05-30T12:27:34.865] [DEBUG] default - create entity
[2023-05-30T12:27:34.866] [DEBUG] default - create entity
[2023-05-30T12:27:34.867] [DEBUG] default - create entity
[2023-05-30T12:27:34.867] [DEBUG] default - create entity
[2023-05-30T12:27:34.871] [DEBUG] default - create entity
[2023-05-30T12:27:34.875] [DEBUG] default - create entity
[2023-05-30T12:27:39.856] [DEBUG] default - Add
[2023-05-30T12:27:39.859] [DEBUG] default - Add
[2023-05-30T12:27:39.862] [DEBUG] default - Add
[2023-05-30T12:28:37.517] [DEBUG] default - create entity
[2023-05-30T12:28:37.529] [DEBUG] default - create entity
[2023-05-30T12:28:37.530] [DEBUG] default - create entity
[2023-05-30T12:28:37.531] [DEBUG] default - create entity
[2023-05-30T12:28:37.534] [DEBUG] default - create entity
[2023-05-30T12:28:37.534] [DEBUG] default - create entity
[2023-05-30T12:28:37.535] [DEBUG] default - create entity
[2023-05-30T12:28:37.536] [DEBUG] default - create entity
[2023-05-30T12:28:37.536] [DEBUG] default - create entity
[2023-05-30T12:28:37.538] [DEBUG] default - create entity
[2023-05-30T12:28:39.629] [DEBUG] default - Add
[2023-05-30T12:28:44.197] [DEBUG] default - Add
[2023-05-30T12:28:47.502] [DEBUG] default - Add
[2023-05-30T12:28:48.921] [DEBUG] default - restore [object Object]
[2023-05-30T12:28:49.209] [DEBUG] default - restore [object Object]
[2023-05-30T12:28:49.441] [DEBUG] default - restore [object Object]
[2023-05-30T12:28:49.735] [DEBUG] default - restore [object Object]
[2023-05-30T12:28:49.968] [DEBUG] default - restore [object Object]
[2023-05-30T12:28:52.452] [DEBUG] default - Add
[2023-05-30T12:28:57.461] [DEBUG] default - Add
[2023-05-30T12:28:57.515] [DEBUG] default - create entity
[2023-05-30T12:28:57.516] [DEBUG] default - create entity
[2023-05-30T12:28:57.516] [DEBUG] default - create entity
[2023-05-30T12:28:57.516] [DEBUG] default - create entity
[2023-05-30T12:28:57.517] [DEBUG] default - create entity
[2023-05-30T12:29:02.478] [DEBUG] default - Add
[2023-05-30T12:29:08.635] [DEBUG] default - Add
[2023-05-30T12:29:12.468] [DEBUG] default - Add
[2023-05-30T12:29:17.479] [DEBUG] default - Add
[2023-05-30T12:29:28.398] [DEBUG] default - create entity
[2023-05-30T12:29:28.402] [DEBUG] default - create entity
[2023-05-30T12:29:28.402] [DEBUG] default - create entity
[2023-05-30T12:29:28.403] [DEBUG] default - create entity
[2023-05-30T12:29:28.403] [DEBUG] default - create entity
[2023-05-30T12:29:28.404] [DEBUG] default - create entity
[2023-05-30T12:29:28.404] [DEBUG] default - create entity
[2023-05-30T12:29:28.404] [DEBUG] default - create entity
[2023-05-30T12:29:28.405] [DEBUG] default - create entity
[2023-05-30T12:29:28.406] [DEBUG] default - create entity
[2023-05-30T12:29:29.232] [DEBUG] default - restore [object Object]
[2023-05-30T12:30:33.635] [DEBUG] default - Add
[2023-05-30T12:30:36.583] [DEBUG] default - create entity
[2023-05-30T12:30:36.587] [DEBUG] default - create entity
[2023-05-30T12:30:36.588] [DEBUG] default - create entity
[2023-05-30T12:30:36.590] [DEBUG] default - create entity
[2023-05-30T12:30:36.592] [DEBUG] default - create entity
[2023-05-30T12:30:36.593] [DEBUG] default - create entity
[2023-05-30T12:30:36.594] [DEBUG] default - create entity
[2023-05-30T12:30:36.595] [DEBUG] default - create entity
[2023-05-30T12:30:36.597] [DEBUG] default - create entity
[2023-05-30T12:30:36.597] [DEBUG] default - create entity
[2023-05-30T12:30:44.994] [DEBUG] default - Add
[2023-05-30T12:30:44.997] [DEBUG] default - Add
[2023-05-30T12:30:47.499] [DEBUG] default - Add
[2023-05-30T12:30:47.973] [DEBUG] default - restore [object Object]
[2023-05-30T12:30:48.310] [DEBUG] default - restore [object Object]
[2023-05-30T12:30:48.827] [DEBUG] default - restore [object Object]
[2023-05-30T12:30:49.083] [DEBUG] default - restore [object Object]
[2023-05-30T12:30:49.401] [DEBUG] default - restore [object Object]
[2023-05-30T12:30:55.963] [DEBUG] default - Add
[2023-05-30T12:30:56.588] [DEBUG] default - truncate db
[2023-05-30T12:30:57.509] [DEBUG] default - Add
[2023-05-30T12:31:06.696] [DEBUG] default - Add
[2023-05-30T12:31:07.522] [DEBUG] default - Add
[2023-05-30T12:31:16.603] [DEBUG] default - create entity
[2023-05-30T12:31:16.608] [DEBUG] default - create entity
[2023-05-30T12:31:16.609] [DEBUG] default - create entity
[2023-05-30T12:31:16.609] [DEBUG] default - create entity
[2023-05-30T12:31:16.610] [DEBUG] default - create entity
[2023-05-30T12:31:16.610] [DEBUG] default - create entity
[2023-05-30T12:31:16.610] [DEBUG] default - create entity
[2023-05-30T12:31:16.610] [DEBUG] default - create entity
[2023-05-30T12:31:16.610] [DEBUG] default - create entity
[2023-05-30T12:31:16.611] [DEBUG] default - create entity
[2023-05-30T12:31:26.409] [DEBUG] default - Add
[2023-05-30T12:31:26.416] [DEBUG] default - Add
[2023-05-30T12:31:27.588] [DEBUG] default - Add
[2023-05-30T12:31:27.598] [DEBUG] default - Add
[2023-05-30T12:31:36.597] [DEBUG] default - Add
[2023-05-30T12:31:37.557] [DEBUG] default - Add
[2023-05-30T12:31:42.552] [DEBUG] default - Add
[2023-05-30T12:31:45.399] [DEBUG] default - create entity
[2023-05-30T12:31:45.415] [DEBUG] default - create entity
[2023-05-30T12:31:45.418] [DEBUG] default - create entity
[2023-05-30T12:31:45.421] [DEBUG] default - create entity
[2023-05-30T12:31:45.421] [DEBUG] default - create entity
[2023-05-30T12:31:45.423] [DEBUG] default - create entity
[2023-05-30T12:31:45.425] [DEBUG] default - create entity
[2023-05-30T12:31:45.432] [DEBUG] default - create entity
[2023-05-30T12:31:45.435] [DEBUG] default - create entity
[2023-05-30T12:31:45.437] [DEBUG] default - create entity
[2023-05-30T12:31:48.480] [DEBUG] default - Add
[2023-05-30T12:31:53.056] [DEBUG] default - restore [object Object]
[2023-05-30T12:31:53.382] [DEBUG] default - restore [object Object]
[2023-05-30T12:31:53.893] [DEBUG] default - restore [object Object]
[2023-05-30T12:31:53.914] [DEBUG] default - Add
[2023-05-30T12:31:54.158] [DEBUG] default - restore [object Object]
[2023-05-30T12:31:54.502] [DEBUG] default - restore [object Object]
[2023-05-30T12:31:57.618] [DEBUG] default - Add
[2023-05-30T12:32:05.400] [DEBUG] default - truncate db
[2023-05-30T12:32:05.779] [DEBUG] default - Add
[2023-05-30T12:32:07.589] [DEBUG] default - Add
[2023-05-30T12:32:13.828] [DEBUG] default - Add
[2023-05-30T12:32:18.508] [DEBUG] default - restore [object Object]
